<?xml version="1.0" ?>
<!DOCTYPE coverage SYSTEM 'http://cobertura.sourceforge.net/xml/coverage-03.dtd'>
<coverage line-rate="0.000" version="1.9" timestamp="1430480006">
	<sources>
		<source>/</source>
	</sources>
	<packages>
		<package name="git_pull" line-rate="0.000" branch-rate="1.0" complexity="1.0">
			<classes>
				<class name="gettext_sh" filename="usr/bin/gettext.sh" line-rate="0.156">
					<lines>
						<line number="20" hits="378"/>
						<line number="21" hits="189"/>
						<line number="23" hits="0"/>
						<line number="24" hits="0"/>
						<line number="26" hits="0"/>
						<line number="27" hits="0"/>
						<line number="31" hits="0"/>
						<line number="41" hits="189"/>
						<line number="47" hits="189"/>
						<line number="49" hits="0"/>
						<line number="50" hits="0"/>
						<line number="51" hits="0"/>
						<line number="54" hits="0"/>
						<line number="56" hits="0"/>
						<line number="57" hits="0"/>
						<line number="61" hits="0"/>
						<line number="63" hits="0"/>
						<line number="64" hits="0"/>
						<line number="65" hits="0"/>
						<line number="66" hits="0"/>
						<line number="67" hits="0"/>
						<line number="68" hits="0"/>
						<line number="70" hits="0"/>
						<line number="71" hits="0"/>
						<line number="73" hits="0"/>
						<line number="75" hits="0"/>
						<line number="78" hits="0"/>
						<line number="79" hits="0"/>
						<line number="87" hits="0"/>
						<line number="88" hits="12"/>
						<line number="94" hits="0"/>
						<line number="95" hits="0"/>
					</lines>
				</class>
				<class name="git_sh_i18n" filename="home/pyokagan/pyk/git/git-sh-i18n" line-rate="0.400">
					<lines>
						<line number="8" hits="189"/>
						<line number="9" hits="189"/>
						<line number="10" hits="189"/>
						<line number="12" hits="189"/>
						<line number="14" hits="0"/>
						<line number="16" hits="189"/>
						<line number="19" hits="189"/>
						<line number="20" hits="189"/>
						<line number="22" hits="0"/>
						<line number="23" hits="189"/>
						<line number="25" hits="0"/>
						<line number="26" hits="189"/>
						<line number="28" hits="0"/>
						<line number="29" hits="189"/>
						<line number="32" hits="189"/>
						<line number="33" hits="0"/>
						<line number="38" hits="0"/>
						<line number="40" hits="189"/>
						<line number="43" hits="189"/>
						<line number="46" hits="189"/>
						<line number="50" hits="0"/>
						<line number="51" hits="0"/>
						<line number="52" hits="0"/>
						<line number="53" hits="0"/>
						<line number="60" hits="0"/>
						<line number="61" hits="0"/>
						<line number="64" hits="0"/>
						<line number="65" hits="0"/>
						<line number="69" hits="0"/>
						<line number="70" hits="0"/>
						<line number="73" hits="0"/>
						<line number="74" hits="0"/>
						<line number="75" hits="0"/>
						<line number="76" hits="0"/>
						<line number="83" hits="0"/>
						<line number="84" hits="0"/>
						<line number="85" hits="0"/>
						<line number="88" hits="0"/>
						<line number="89" hits="2"/>
						<line number="90" hits="2"/>
					</lines>
				</class>
				<class name="git_sh_setup" filename="home/pyokagan/pyk/git/git-sh-setup" line-rate="0.241">
					<lines>
						<line number="10" hits="189"/>
						<line number="15" hits="0"/>
						<line number="16" hits="189"/>
						<line number="18" hits="0"/>
						<line number="19" hits="0"/>
						<line number="20" hits="0"/>
						<line number="22" hits="0"/>
						<line number="23" hits="0"/>
						<line number="24" hits="0"/>
						<line number="25" hits="0"/>
						<line number="26" hits="0"/>
						<line number="27" hits="0"/>
						<line number="29" hits="0"/>
						<line number="31" hits="0"/>
						<line number="32" hits="0"/>
						<line number="33" hits="0"/>
						<line number="35" hits="0"/>
						<line number="36" hits="0"/>
						<line number="38" hits="0"/>
						<line number="45" hits="0"/>
						<line number="46" hits="7"/>
						<line number="49" hits="0"/>
						<line number="50" hits="7"/>
						<line number="51" hits="7"/>
						<line number="52" hits="7"/>
						<line number="53" hits="7"/>
						<line number="56" hits="189"/>
						<line number="58" hits="0"/>
						<line number="59" hits="0"/>
						<line number="61" hits="0"/>
						<line number="65" hits="189"/>
						<line number="67" hits="0"/>
						<line number="68" hits="0"/>
						<line number="71" hits="0"/>
						<line number="72" hits="0"/>
						<line number="73" hits="0"/>
						<line number="74" hits="0"/>
						<line number="75" hits="0"/>
						<line number="77" hits="0"/>
						<line number="78" hits="0"/>
						<line number="79" hits="0"/>
						<line number="80" hits="0"/>
						<line number="81" hits="0"/>
						<line number="83" hits="567"/>
						<line number="85" hits="2"/>
						<line number="88" hits="189"/>
						<line number="90" hits="0"/>
						<line number="94" hits="189"/>
						<line number="97" hits="378"/>
						<line number="99" hits="0"/>
						<line number="100" hits="0"/>
						<line number="139" hits="189"/>
						<line number="141" hits="189"/>
						<line number="142" hits="189"/>
						<line number="147" hits="0"/>
						<line number="149" hits="0"/>
						<line number="152" hits="0"/>
						<line number="156" hits="0"/>
						<line number="158" hits="0"/>
						<line number="160" hits="0"/>
						<line number="162" hits="0"/>
						<line number="163" hits="0"/>
						<line number="164" hits="0"/>
						<line number="166" hits="0"/>
						<line number="169" hits="0"/>
						<line number="170" hits="0"/>
						<line number="173" hits="0"/>
						<line number="174" hits="0"/>
						<line number="177" hits="0"/>
						<line number="178" hits="0"/>
						<line number="181" hits="0"/>
						<line number="182" hits="378"/>
						<line number="183" hits="189"/>
						<line number="184" hits="0"/>
						<line number="185" hits="0"/>
						<line number="189" hits="0"/>
						<line number="190" hits="378"/>
						<line number="192" hits="0"/>
						<line number="196" hits="0"/>
						<line number="197" hits="0"/>
						<line number="198" hits="0"/>
						<line number="201" hits="0"/>
						<line number="202" hits="20"/>
						<line number="203" hits="20"/>
						<line number="204" hits="20"/>
						<line number="206" hits="20"/>
						<line number="208" hits="0"/>
						<line number="209" hits="0"/>
						<line number="212" hits="20"/>
						<line number="214" hits="1"/>
						<line number="216" hits="1"/>
						<line number="218" hits="0"/>
						<line number="220" hits="1"/>
						<line number="223" hits="20"/>
						<line number="225" hits="2"/>
						<line number="226" hits="1"/>
						<line number="239" hits="0"/>
						<line number="240" hits="0"/>
						<line number="242" hits="0"/>
						<line number="243" hits="0"/>
						<line number="244" hits="0"/>
						<line number="245" hits="0"/>
						<line number="246" hits="0"/>
						<line number="247" hits="0"/>
						<line number="248" hits="0"/>
						<line number="249" hits="0"/>
						<line number="251" hits="0"/>
						<line number="252" hits="0"/>
						<line number="253" hits="0"/>
						<line number="255" hits="0"/>
						<line number="256" hits="0"/>
						<line number="257" hits="0"/>
						<line number="259" hits="0"/>
						<line number="261" hits="0"/>
						<line number="266" hits="0"/>
						<line number="267" hits="0"/>
						<line number="272" hits="0"/>
						<line number="273" hits="0"/>
						<line number="274" hits="0"/>
						<line number="275" hits="0"/>
						<line number="282" hits="0"/>
						<line number="288" hits="0"/>
						<line number="289" hits="0"/>
						<line number="290" hits="0"/>
						<line number="294" hits="0"/>
						<line number="299" hits="567"/>
						<line number="302" hits="0"/>
						<line number="303" hits="0"/>
						<line number="305" hits="0"/>
						<line number="306" hits="0"/>
						<line number="309" hits="0"/>
						<line number="310" hits="0"/>
						<line number="312" hits="0"/>
						<line number="313" hits="0"/>
						<line number="315" hits="0"/>
						<line number="317" hits="0"/>
						<line number="321" hits="0"/>
						<line number="322" hits="0"/>
						<line number="324" hits="0"/>
						<line number="326" hits="0"/>
						<line number="332" hits="0"/>
						<line number="333" hits="378"/>
						<line number="334" hits="189"/>
						<line number="336" hits="0"/>
						<line number="337" hits="0"/>
						<line number="338" hits="0"/>
						<line number="339" hits="0"/>
						<line number="342" hits="756"/>
						<line number="343" hits="0"/>
						<line number="344" hits="0"/>
						<line number="346" hits="189"/>
						<line number="349" hits="189"/>
						<line number="351" hits="189"/>
						<line number="354" hits="0"/>
						<line number="355" hits="0"/>
						<line number="357" hits="0"/>
						<line number="358" hits="0"/>
						<line number="361" hits="0"/>
					</lines>
				</class>
				<class name="git_pull" filename="home/pyokagan/pyk/git/git-pull" line-rate="0.711">
					<lines>
						<line number="7" hits="189"/>
						<line number="8" hits="189"/>
						<line number="9" hits="189"/>
						<line number="10" hits="189"/>
						<line number="11" hits="189"/>
						<line number="12" hits="189"/>
						<line number="13" hits="189"/>
						<line number="14" hits="189"/>
						<line number="15" hits="189"/>
						<line number="18" hits="0"/>
						<line number="19" hits="1"/>
						<line number="20" hits="3"/>
						<line number="21" hits="0"/>
						<line number="22" hits="0"/>
						<line number="23" hits="1"/>
						<line number="25" hits="1"/>
						<line number="29" hits="0"/>
						<line number="30" hits="3"/>
						<line number="31" hits="0"/>
						<line number="32" hits="1"/>
						<line number="34" hits="0"/>
						<line number="38" hits="379"/>
						<line number="39" hits="189"/>
						<line number="41" hits="0"/>
						<line number="42" hits="730"/>
						<line number="45" hits="1122"/>
						<line number="46" hits="935"/>
						<line number="47" hits="561"/>
						<line number="48" hits="374"/>
						<line number="49" hits="187"/>
						<line number="50" hits="374"/>
						<line number="51" hits="187"/>
						<line number="53" hits="366"/>
						<line number="57" hits="374"/>
						<line number="58" hits="187"/>
						<line number="60" hits="1"/>
						<line number="63" hits="1"/>
						<line number="68" hits="187"/>
						<line number="69" hits="277"/>
						<line number="71" hits="284"/>
						<line number="73" hits="5"/>
						<line number="75" hits="4"/>
						<line number="77" hits="0"/>
						<line number="79" hits="0"/>
						<line number="81" hits="0"/>
						<line number="83" hits="0"/>
						<line number="85" hits="1"/>
						<line number="87" hits="0"/>
						<line number="89" hits="0"/>
						<line number="91" hits="0"/>
						<line number="93" hits="0"/>
						<line number="95" hits="0"/>
						<line number="97" hits="0"/>
						<line number="99" hits="14"/>
						<line number="101" hits="14"/>
						<line number="103" hits="14"/>
						<line number="104" hits="0"/>
						<line number="107" hits="7"/>
						<line number="109" hits="0"/>
						<line number="111" hits="0"/>
						<line number="113" hits="7"/>
						<line number="114" hits="7"/>
						<line number="116" hits="7"/>
						<line number="119" hits="14"/>
						<line number="121" hits="0"/>
						<line number="123" hits="6"/>
						<line number="124" hits="3"/>
						<line number="126" hits="8"/>
						<line number="128" hits="7"/>
						<line number="131" hits="4"/>
						<line number="134" hits="16"/>
						<line number="137" hits="0"/>
						<line number="140" hits="0"/>
						<line number="143" hits="0"/>
						<line number="146" hits="4"/>
						<line number="149" hits="0"/>
						<line number="152" hits="0"/>
						<line number="155" hits="0"/>
						<line number="158" hits="0"/>
						<line number="161" hits="0"/>
						<line number="164" hits="0"/>
						<line number="167" hits="0"/>
						<line number="171" hits="187"/>
						<line number="174" hits="90"/>
						<line number="177" hits="187"/>
						<line number="179" hits="2"/>
						<line number="180" hits="2"/>
						<line number="185" hits="2"/>
						<line number="186" hits="2"/>
						<line number="187" hits="0"/>
						<line number="191" hits="0"/>
						<line number="192" hits="3"/>
						<line number="193" hits="3"/>
						<line number="195" hits="3"/>
						<line number="197" hits="0"/>
						<line number="198" hits="0"/>
						<line number="199" hits="0"/>
						<line number="203" hits="3"/>
						<line number="205" hits="0"/>
						<line number="206" hits="0"/>
						<line number="208" hits="3"/>
						<line number="209" hits="3"/>
						<line number="212" hits="6"/>
						<line number="213" hits="6"/>
						<line number="215" hits="3"/>
						<line number="216" hits="1"/>
						<line number="217" hits="0"/>
						<line number="219" hits="1"/>
						<line number="221" hits="1"/>
						<line number="222" hits="1"/>
						<line number="223" hits="1"/>
						<line number="224" hits="3"/>
						<line number="225" hits="1"/>
						<line number="226" hits="1"/>
						<line number="227" hits="1"/>
						<line number="228" hits="1"/>
						<line number="229" hits="1"/>
						<line number="230" hits="1"/>
						<line number="233" hits="0"/>
						<line number="234" hits="0"/>
						<line number="236" hits="2"/>
						<line number="239" hits="185"/>
						<line number="240" hits="25"/>
						<line number="243" hits="5"/>
						<line number="245" hits="2"/>
						<line number="248" hits="20"/>
						<line number="250" hits="23"/>
						<line number="251" hits="23"/>
						<line number="252" hits="23"/>
						<line number="253" hits="46"/>
						<line number="254" hits="38"/>
						<line number="256" hits="366"/>
						<line number="257" hits="183"/>
						<line number="258" hits="183"/>
						<line number="260" hits="366"/>
						<line number="261" hits="341"/>
						<line number="269" hits="0"/>
						<line number="270" hits="0"/>
						<line number="271" hits="2"/>
						<line number="272" hits="2"/>
						<line number="273" hits="2"/>
						<line number="274" hits="0"/>
						<line number="275" hits="0"/>
						<line number="276" hits="0"/>
						<line number="277" hits="0"/>
						<line number="278" hits="0"/>
						<line number="279" hits="1"/>
						<line number="283" hits="0"/>
						<line number="287" hits="182"/>
						<line number="289" hits="3"/>
						<line number="292" hits="2"/>
						<line number="294" hits="0"/>
						<line number="296" hits="2"/>
						<line number="298" hits="2"/>
						<line number="305" hits="178"/>
						<line number="311" hits="25"/>
						<line number="312" hits="25"/>
						<line number="313" hits="23"/>
						<line number="314" hits="25"/>
						<line number="317" hits="153"/>
						<line number="319" hits="36"/>
						<line number="320" hits="18"/>
						<line number="322" hits="10"/>
						<line number="326" hits="306"/>
						<line number="327" hits="153"/>
						<line number="329" hits="18"/>
						<line number="330" hits="18"/>
						<line number="331" hits="18"/>
						<line number="334" hits="135"/>
						<line number="335" hits="135"/>
						<line number="336" hits="135"/>
						<line number="337" hits="135"/>
						<line number="340" hits="306"/>
					</lines>
				</class>
			</classes>
		</package>
	</packages>
</coverage>
