<?xml version="1.0" ?>
<!DOCTYPE coverage SYSTEM 'http://cobertura.sourceforge.net/xml/coverage-03.dtd'>
<coverage line-rate="0.000" version="1.9" timestamp="1435858776">
	<sources>
		<source>/home/pyokagan/pyk/git/</source>
	</sources>
	<packages>
		<package name="git_filter_branch" line-rate="0.000" branch-rate="1.0" complexity="1.0">
			<classes>
				<class name="git_sh_setup" filename="git-sh-setup" line-rate="0.215">
					<lines>
						<line number="10" hits="3"/>
						<line number="15" hits="0"/>
						<line number="16" hits="3"/>
						<line number="18" hits="0"/>
						<line number="19" hits="0"/>
						<line number="20" hits="0"/>
						<line number="22" hits="0"/>
						<line number="23" hits="0"/>
						<line number="24" hits="0"/>
						<line number="25" hits="0"/>
						<line number="26" hits="0"/>
						<line number="27" hits="0"/>
						<line number="29" hits="0"/>
						<line number="31" hits="0"/>
						<line number="32" hits="0"/>
						<line number="33" hits="0"/>
						<line number="35" hits="0"/>
						<line number="36" hits="0"/>
						<line number="38" hits="0"/>
						<line number="45" hits="0"/>
						<line number="46" hits="1"/>
						<line number="49" hits="0"/>
						<line number="50" hits="1"/>
						<line number="51" hits="1"/>
						<line number="52" hits="1"/>
						<line number="53" hits="1"/>
						<line number="56" hits="3"/>
						<line number="58" hits="0"/>
						<line number="59" hits="0"/>
						<line number="61" hits="0"/>
						<line number="65" hits="3"/>
						<line number="67" hits="0"/>
						<line number="68" hits="0"/>
						<line number="71" hits="0"/>
						<line number="72" hits="0"/>
						<line number="73" hits="0"/>
						<line number="74" hits="0"/>
						<line number="75" hits="0"/>
						<line number="77" hits="0"/>
						<line number="78" hits="0"/>
						<line number="79" hits="0"/>
						<line number="80" hits="0"/>
						<line number="81" hits="0"/>
						<line number="83" hits="9"/>
						<line number="85" hits="0"/>
						<line number="88" hits="3"/>
						<line number="90" hits="3"/>
						<line number="94" hits="0"/>
						<line number="97" hits="6"/>
						<line number="99" hits="0"/>
						<line number="100" hits="0"/>
						<line number="139" hits="0"/>
						<line number="141" hits="0"/>
						<line number="142" hits="0"/>
						<line number="147" hits="0"/>
						<line number="149" hits="0"/>
						<line number="152" hits="0"/>
						<line number="156" hits="0"/>
						<line number="158" hits="0"/>
						<line number="160" hits="0"/>
						<line number="162" hits="0"/>
						<line number="163" hits="0"/>
						<line number="164" hits="0"/>
						<line number="166" hits="0"/>
						<line number="169" hits="0"/>
						<line number="170" hits="0"/>
						<line number="173" hits="0"/>
						<line number="174" hits="0"/>
						<line number="177" hits="0"/>
						<line number="178" hits="5"/>
						<line number="181" hits="0"/>
						<line number="182" hits="0"/>
						<line number="183" hits="0"/>
						<line number="184" hits="0"/>
						<line number="185" hits="0"/>
						<line number="189" hits="0"/>
						<line number="190" hits="0"/>
						<line number="192" hits="0"/>
						<line number="196" hits="0"/>
						<line number="197" hits="0"/>
						<line number="198" hits="0"/>
						<line number="201" hits="0"/>
						<line number="202" hits="3"/>
						<line number="203" hits="3"/>
						<line number="204" hits="3"/>
						<line number="206" hits="3"/>
						<line number="208" hits="0"/>
						<line number="209" hits="0"/>
						<line number="212" hits="3"/>
						<line number="214" hits="0"/>
						<line number="216" hits="0"/>
						<line number="218" hits="0"/>
						<line number="220" hits="0"/>
						<line number="223" hits="3"/>
						<line number="225" hits="0"/>
						<line number="226" hits="0"/>
						<line number="239" hits="0"/>
						<line number="240" hits="33"/>
						<line number="242" hits="44"/>
						<line number="243" hits="44"/>
						<line number="244" hits="22"/>
						<line number="245" hits="0"/>
						<line number="246" hits="0"/>
						<line number="247" hits="0"/>
						<line number="248" hits="0"/>
						<line number="249" hits="0"/>
						<line number="251" hits="0"/>
						<line number="252" hits="0"/>
						<line number="253" hits="0"/>
						<line number="255" hits="0"/>
						<line number="256" hits="0"/>
						<line number="257" hits="0"/>
						<line number="259" hits="0"/>
						<line number="261" hits="11"/>
						<line number="266" hits="0"/>
						<line number="267" hits="44"/>
						<line number="272" hits="0"/>
						<line number="273" hits="0"/>
						<line number="274" hits="0"/>
						<line number="275" hits="0"/>
						<line number="282" hits="0"/>
						<line number="288" hits="0"/>
						<line number="289" hits="0"/>
						<line number="290" hits="0"/>
						<line number="294" hits="0"/>
						<line number="299" hits="9"/>
						<line number="302" hits="0"/>
						<line number="303" hits="0"/>
						<line number="305" hits="0"/>
						<line number="306" hits="0"/>
						<line number="309" hits="0"/>
						<line number="310" hits="0"/>
						<line number="312" hits="0"/>
						<line number="313" hits="0"/>
						<line number="315" hits="0"/>
						<line number="317" hits="0"/>
						<line number="321" hits="0"/>
						<line number="322" hits="0"/>
						<line number="324" hits="0"/>
						<line number="326" hits="0"/>
						<line number="332" hits="0"/>
						<line number="333" hits="6"/>
						<line number="334" hits="3"/>
						<line number="336" hits="6"/>
						<line number="337" hits="0"/>
						<line number="338" hits="0"/>
						<line number="339" hits="0"/>
						<line number="342" hits="12"/>
						<line number="343" hits="0"/>
						<line number="344" hits="0"/>
						<line number="346" hits="6"/>
						<line number="349" hits="3"/>
						<line number="351" hits="3"/>
						<line number="354" hits="0"/>
						<line number="355" hits="0"/>
						<line number="357" hits="0"/>
						<line number="358" hits="0"/>
						<line number="361" hits="0"/>
					</lines>
				</class>
				<class name="git_filter_branch" filename="git-filter-branch" line-rate="0.531">
					<lines>
						<line number="14" hits="0"/>
						<line number="15" hits="0"/>
						<line number="21" hits="0"/>
						<line number="23" hits="0"/>
						<line number="25" hits="0"/>
						<line number="34" hits="0"/>
						<line number="35" hits="0"/>
						<line number="37" hits="0"/>
						<line number="38" hits="0"/>
						<line number="39" hits="0"/>
						<line number="40" hits="0"/>
						<line number="47" hits="0"/>
						<line number="48" hits="0"/>
						<line number="50" hits="0"/>
						<line number="58" hits="0"/>
						<line number="59" hits="0"/>
						<line number="60" hits="0"/>
						<line number="62" hits="0"/>
						<line number="63" hits="6"/>
						<line number="65" hits="3"/>
						<line number="69" hits="22"/>
						<line number="71" hits="22"/>
						<line number="72" hits="32"/>
						<line number="73" hits="22"/>
						<line number="76" hits="1"/>
						<line number="77" hits="11"/>
						<line number="78" hits="11"/>
						<line number="79" hits="11"/>
						<line number="87" hits="3"/>
						<line number="89" hits="3"/>
						<line number="90" hits="3"/>
						<line number="92" hits="6"/>
						<line number="93" hits="3"/>
						<line number="96" hits="3"/>
						<line number="97" hits="3"/>
						<line number="98" hits="3"/>
						<line number="99" hits="3"/>
						<line number="100" hits="3"/>
						<line number="101" hits="3"/>
						<line number="102" hits="3"/>
						<line number="103" hits="3"/>
						<line number="104" hits="3"/>
						<line number="105" hits="3"/>
						<line number="106" hits="3"/>
						<line number="107" hits="3"/>
						<line number="108" hits="3"/>
						<line number="109" hits="10"/>
						<line number="111" hits="10"/>
						<line number="113" hits="0"/>
						<line number="114" hits="0"/>
						<line number="117" hits="2"/>
						<line number="118" hits="2"/>
						<line number="119" hits="2"/>
						<line number="123" hits="0"/>
						<line number="124" hits="0"/>
						<line number="125" hits="0"/>
						<line number="128" hits="2"/>
						<line number="129" hits="2"/>
						<line number="130" hits="2"/>
						<line number="135" hits="3"/>
						<line number="139" hits="3"/>
						<line number="140" hits="3"/>
						<line number="141" hits="3"/>
						<line number="142" hits="3"/>
						<line number="143" hits="3"/>
						<line number="145" hits="3"/>
						<line number="147" hits="0"/>
						<line number="150" hits="0"/>
						<line number="153" hits="0"/>
						<line number="156" hits="2"/>
						<line number="159" hits="0"/>
						<line number="162" hits="1"/>
						<line number="165" hits="0"/>
						<line number="168" hits="0"/>
						<line number="171" hits="0"/>
						<line number="172" hits="0"/>
						<line number="175" hits="0"/>
						<line number="178" hits="0"/>
						<line number="183" hits="3"/>
						<line number="185" hits="1"/>
						<line number="187" hits="2"/>
						<line number="191" hits="0"/>
						<line number="194" hits="3"/>
						<line number="196" hits="2"/>
						<line number="199" hits="1"/>
						<line number="200" hits="0"/>
						<line number="202" hits="6"/>
						<line number="203" hits="3"/>
						<line number="204" hits="9"/>
						<line number="205" hits="3"/>
						<line number="206" hits="6"/>
						<line number="207" hits="0"/>
						<line number="210" hits="3"/>
						<line number="212" hits="3"/>
						<line number="213" hits="3"/>
						<line number="214" hits="3"/>
						<line number="215" hits="3"/>
						<line number="216" hits="3"/>
						<line number="219" hits="3"/>
						<line number="220" hits="12"/>
						<line number="222" hits="9"/>
						<line number="224" hits="0"/>
						<line number="225" hits="0"/>
						<line number="226" hits="0"/>
						<line number="229" hits="0"/>
						<line number="232" hits="0"/>
						<line number="235" hits="3"/>
						<line number="237" hits="3"/>
						<line number="239" hits="3"/>
						<line number="240" hits="0"/>
						<line number="242" hits="6"/>
						<line number="243" hits="3"/>
						<line number="246" hits="3"/>
						<line number="249" hits="6"/>
						<line number="250" hits="3"/>
						<line number="252" hits="3"/>
						<line number="254" hits="0"/>
						<line number="255" hits="0"/>
						<line number="258" hits="3"/>
						<line number="260" hits="6"/>
						<line number="262" hits="9"/>
						<line number="265" hits="0"/>
						<line number="270" hits="3"/>
						<line number="272" hits="0"/>
						<line number="273" hits="9"/>
						<line number="275" hits="3"/>
						<line number="279" hits="3"/>
						<line number="280" hits="13"/>
						<line number="281" hits="11"/>
						<line number="282" hits="11"/>
						<line number="284" hits="11"/>
						<line number="286" hits="22"/>
						<line number="290" hits="0"/>
						<line number="292" hits="0"/>
						<line number="294" hits="0"/>
						<line number="296" hits="0"/>
						<line number="297" hits="0"/>
						<line number="300" hits="0"/>
						<line number="302" hits="11"/>
						<line number="303" hits="11"/>
						<line number="304" hits="11"/>
						<line number="305" hits="0"/>
						<line number="307" hits="33"/>
						<line number="308" hits="11"/>
						<line number="309" hits="22"/>
						<line number="310" hits="11"/>
						<line number="312" hits="22"/>
						<line number="313" hits="11"/>
						<line number="314" hits="11"/>
						<line number="317" hits="11"/>
						<line number="318" hits="11"/>
						<line number="319" hits="11"/>
						<line number="321" hits="0"/>
						<line number="322" hits="0"/>
						<line number="323" hits="0"/>
						<line number="324" hits="0"/>
						<line number="325" hits="0"/>
						<line number="329" hits="20"/>
						<line number="330" hits="1"/>
						<line number="332" hits="10"/>
						<line number="333" hits="8"/>
						<line number="334" hits="16"/>
						<line number="335" hits="8"/>
						<line number="339" hits="8"/>
						<line number="344" hits="10"/>
						<line number="345" hits="0"/>
						<line number="346" hits="0"/>
						<line number="350" hits="96"/>
						<line number="353" hits="38"/>
						<line number="356" hits="10"/>
						<line number="357" hits="0"/>
						<line number="358" hits="20"/>
						<line number="359" hits="0"/>
						<line number="360" hits="30"/>
						<line number="362" hits="0"/>
						<line number="363" hits="0"/>
						<line number="371" hits="2"/>
						<line number="373" hits="0"/>
						<line number="375" hits="0"/>
						<line number="376" hits="0"/>
						<line number="377" hits="0"/>
						<line number="378" hits="0"/>
						<line number="379" hits="0"/>
						<line number="384" hits="2"/>
						<line number="385" hits="2"/>
						<line number="386" hits="2"/>
						<line number="387" hits="4"/>
						<line number="390" hits="2"/>
						<line number="392" hits="4"/>
						<line number="393" hits="4"/>
						<line number="395" hits="2"/>
						<line number="396" hits="0"/>
						<line number="397" hits="0"/>
						<line number="399" hits="2"/>
						<line number="401" hits="0"/>
						<line number="402" hits="0"/>
						<line number="403" hits="0"/>
						<line number="406" hits="2"/>
						<line number="407" hits="2"/>
						<line number="409" hits="0"/>
						<line number="410" hits="0"/>
						<line number="411" hits="0"/>
						<line number="412" hits="0"/>
						<line number="415" hits="0"/>
						<line number="421" hits="0"/>
						<line number="422" hits="0"/>
						<line number="423" hits="0"/>
						<line number="424" hits="0"/>
						<line number="425" hits="0"/>
						<line number="427" hits="0"/>
						<line number="430" hits="2"/>
						<line number="431" hits="0"/>
						<line number="432" hits="0"/>
						<line number="438" hits="2"/>
						<line number="439" hits="0"/>
						<line number="440" hits="0"/>
						<line number="441" hits="0"/>
						<line number="443" hits="0"/>
						<line number="444" hits="0"/>
						<line number="447" hits="0"/>
						<line number="449" hits="0"/>
						<line number="450" hits="0"/>
						<line number="453" hits="0"/>
						<line number="454" hits="0"/>
						<line number="455" hits="0"/>
						<line number="456" hits="0"/>
						<line number="457" hits="0"/>
						<line number="458" hits="0"/>
						<line number="460" hits="0"/>
						<line number="462" hits="0"/>
						<line number="463" hits="0"/>
						<line number="465" hits="0"/>
						<line number="466" hits="0"/>
						<line number="468" hits="0"/>
						<line number="469" hits="0"/>
						<line number="470" hits="0"/>
						<line number="471" hits="0"/>
						<line number="474" hits="0"/>
						<line number="475" hits="0"/>
						<line number="476" hits="0"/>
						<line number="479" hits="0"/>
						<line number="483" hits="0"/>
						<line number="484" hits="0"/>
						<line number="488" hits="2"/>
						<line number="489" hits="2"/>
						<line number="491" hits="2"/>
						<line number="493" hits="2"/>
						<line number="494" hits="2"/>
						<line number="495" hits="4"/>
						<line number="497" hits="2"/>
						<line number="498" hits="0"/>
						<line number="499" hits="0"/>
						<line number="501" hits="2"/>
						<line number="502" hits="0"/>
						<line number="503" hits="0"/>
						<line number="506" hits="4"/>
						<line number="507" hits="2"/>
						<line number="510" hits="2"/>
					</lines>
				</class>
			</classes>
		</package>
	</packages>
</coverage>
