<?xml version="1.0" ?>
<!DOCTYPE coverage SYSTEM 'http://cobertura.sourceforge.net/xml/coverage-03.dtd'>
<coverage line-rate="0.000" version="1.9" timestamp="1430578816">
	<sources>
		<source>/</source>
	</sources>
	<packages>
		<package name="git_am" line-rate="0.000" branch-rate="1.0" complexity="1.0">
			<classes>
				<class name="gettext_sh" filename="usr/bin/gettext.sh" line-rate="0.156">
					<lines>
						<line number="20" hits="242"/>
						<line number="21" hits="121"/>
						<line number="23" hits="0"/>
						<line number="24" hits="0"/>
						<line number="26" hits="0"/>
						<line number="27" hits="0"/>
						<line number="31" hits="0"/>
						<line number="41" hits="121"/>
						<line number="47" hits="242"/>
						<line number="49" hits="0"/>
						<line number="50" hits="0"/>
						<line number="51" hits="0"/>
						<line number="54" hits="0"/>
						<line number="56" hits="0"/>
						<line number="57" hits="0"/>
						<line number="61" hits="0"/>
						<line number="63" hits="0"/>
						<line number="64" hits="0"/>
						<line number="65" hits="0"/>
						<line number="66" hits="0"/>
						<line number="67" hits="0"/>
						<line number="68" hits="0"/>
						<line number="70" hits="0"/>
						<line number="71" hits="0"/>
						<line number="73" hits="0"/>
						<line number="75" hits="0"/>
						<line number="78" hits="0"/>
						<line number="79" hits="0"/>
						<line number="87" hits="0"/>
						<line number="88" hits="828"/>
						<line number="94" hits="0"/>
						<line number="95" hits="0"/>
					</lines>
				</class>
				<class name="git_sh_i18n" filename="home/pyokagan/pyk/git/git-sh-i18n" line-rate="0.450">
					<lines>
						<line number="8" hits="121"/>
						<line number="9" hits="121"/>
						<line number="10" hits="121"/>
						<line number="12" hits="121"/>
						<line number="14" hits="0"/>
						<line number="16" hits="121"/>
						<line number="19" hits="121"/>
						<line number="20" hits="121"/>
						<line number="22" hits="0"/>
						<line number="23" hits="121"/>
						<line number="25" hits="0"/>
						<line number="26" hits="121"/>
						<line number="28" hits="0"/>
						<line number="29" hits="121"/>
						<line number="32" hits="121"/>
						<line number="33" hits="0"/>
						<line number="38" hits="0"/>
						<line number="40" hits="121"/>
						<line number="43" hits="121"/>
						<line number="46" hits="121"/>
						<line number="50" hits="0"/>
						<line number="51" hits="0"/>
						<line number="52" hits="0"/>
						<line number="53" hits="0"/>
						<line number="60" hits="0"/>
						<line number="61" hits="0"/>
						<line number="64" hits="0"/>
						<line number="65" hits="0"/>
						<line number="69" hits="0"/>
						<line number="70" hits="0"/>
						<line number="73" hits="0"/>
						<line number="74" hits="0"/>
						<line number="75" hits="0"/>
						<line number="76" hits="0"/>
						<line number="83" hits="0"/>
						<line number="84" hits="3"/>
						<line number="85" hits="3"/>
						<line number="88" hits="0"/>
						<line number="89" hits="86"/>
						<line number="90" hits="86"/>
					</lines>
				</class>
				<class name="git_sh_setup" filename="home/pyokagan/pyk/git/git-sh-setup" line-rate="0.222">
					<lines>
						<line number="10" hits="121"/>
						<line number="15" hits="0"/>
						<line number="16" hits="121"/>
						<line number="18" hits="0"/>
						<line number="19" hits="0"/>
						<line number="20" hits="0"/>
						<line number="22" hits="0"/>
						<line number="23" hits="0"/>
						<line number="24" hits="0"/>
						<line number="25" hits="0"/>
						<line number="26" hits="0"/>
						<line number="27" hits="0"/>
						<line number="29" hits="0"/>
						<line number="31" hits="0"/>
						<line number="32" hits="0"/>
						<line number="33" hits="0"/>
						<line number="35" hits="0"/>
						<line number="36" hits="0"/>
						<line number="38" hits="0"/>
						<line number="45" hits="0"/>
						<line number="46" hits="10"/>
						<line number="49" hits="0"/>
						<line number="50" hits="10"/>
						<line number="51" hits="10"/>
						<line number="52" hits="10"/>
						<line number="53" hits="10"/>
						<line number="56" hits="121"/>
						<line number="58" hits="0"/>
						<line number="59" hits="151"/>
						<line number="61" hits="146"/>
						<line number="65" hits="121"/>
						<line number="67" hits="0"/>
						<line number="68" hits="0"/>
						<line number="71" hits="121"/>
						<line number="72" hits="121"/>
						<line number="73" hits="0"/>
						<line number="74" hits="121"/>
						<line number="75" hits="121"/>
						<line number="77" hits="0"/>
						<line number="78" hits="0"/>
						<line number="79" hits="0"/>
						<line number="80" hits="0"/>
						<line number="81" hits="242"/>
						<line number="83" hits="121"/>
						<line number="85" hits="0"/>
						<line number="88" hits="0"/>
						<line number="90" hits="0"/>
						<line number="94" hits="0"/>
						<line number="97" hits="0"/>
						<line number="99" hits="0"/>
						<line number="100" hits="0"/>
						<line number="139" hits="121"/>
						<line number="141" hits="121"/>
						<line number="142" hits="121"/>
						<line number="147" hits="0"/>
						<line number="149" hits="0"/>
						<line number="152" hits="0"/>
						<line number="156" hits="0"/>
						<line number="158" hits="0"/>
						<line number="160" hits="0"/>
						<line number="162" hits="0"/>
						<line number="163" hits="0"/>
						<line number="164" hits="0"/>
						<line number="166" hits="0"/>
						<line number="169" hits="0"/>
						<line number="170" hits="366"/>
						<line number="173" hits="0"/>
						<line number="174" hits="15"/>
						<line number="177" hits="0"/>
						<line number="178" hits="0"/>
						<line number="181" hits="0"/>
						<line number="182" hits="242"/>
						<line number="183" hits="121"/>
						<line number="184" hits="0"/>
						<line number="185" hits="0"/>
						<line number="189" hits="0"/>
						<line number="190" hits="0"/>
						<line number="192" hits="0"/>
						<line number="196" hits="0"/>
						<line number="197" hits="242"/>
						<line number="198" hits="0"/>
						<line number="201" hits="0"/>
						<line number="202" hits="0"/>
						<line number="203" hits="0"/>
						<line number="204" hits="0"/>
						<line number="206" hits="0"/>
						<line number="208" hits="0"/>
						<line number="209" hits="0"/>
						<line number="212" hits="0"/>
						<line number="214" hits="0"/>
						<line number="216" hits="0"/>
						<line number="218" hits="0"/>
						<line number="220" hits="0"/>
						<line number="223" hits="0"/>
						<line number="225" hits="0"/>
						<line number="226" hits="0"/>
						<line number="239" hits="0"/>
						<line number="240" hits="0"/>
						<line number="242" hits="0"/>
						<line number="243" hits="0"/>
						<line number="244" hits="0"/>
						<line number="245" hits="0"/>
						<line number="246" hits="0"/>
						<line number="247" hits="0"/>
						<line number="248" hits="0"/>
						<line number="249" hits="0"/>
						<line number="251" hits="0"/>
						<line number="252" hits="0"/>
						<line number="253" hits="0"/>
						<line number="255" hits="0"/>
						<line number="256" hits="0"/>
						<line number="257" hits="0"/>
						<line number="259" hits="0"/>
						<line number="261" hits="0"/>
						<line number="266" hits="0"/>
						<line number="267" hits="0"/>
						<line number="272" hits="0"/>
						<line number="273" hits="0"/>
						<line number="274" hits="0"/>
						<line number="275" hits="0"/>
						<line number="282" hits="0"/>
						<line number="288" hits="0"/>
						<line number="289" hits="0"/>
						<line number="290" hits="0"/>
						<line number="294" hits="0"/>
						<line number="299" hits="363"/>
						<line number="302" hits="0"/>
						<line number="303" hits="0"/>
						<line number="305" hits="0"/>
						<line number="306" hits="0"/>
						<line number="309" hits="0"/>
						<line number="310" hits="0"/>
						<line number="312" hits="0"/>
						<line number="313" hits="0"/>
						<line number="315" hits="0"/>
						<line number="317" hits="0"/>
						<line number="321" hits="0"/>
						<line number="322" hits="2"/>
						<line number="324" hits="1"/>
						<line number="326" hits="1"/>
						<line number="332" hits="0"/>
						<line number="333" hits="242"/>
						<line number="334" hits="121"/>
						<line number="336" hits="0"/>
						<line number="337" hits="0"/>
						<line number="338" hits="0"/>
						<line number="339" hits="0"/>
						<line number="342" hits="484"/>
						<line number="343" hits="0"/>
						<line number="344" hits="0"/>
						<line number="346" hits="121"/>
						<line number="349" hits="121"/>
						<line number="351" hits="121"/>
						<line number="354" hits="0"/>
						<line number="355" hits="0"/>
						<line number="357" hits="0"/>
						<line number="358" hits="0"/>
						<line number="361" hits="0"/>
					</lines>
				</class>
				<class name="git_am" filename="home/pyokagan/pyk/git/git-am" line-rate="0.565">
					<lines>
						<line number="5" hits="121"/>
						<line number="6" hits="121"/>
						<line number="7" hits="121"/>
						<line number="8" hits="0"/>
						<line number="10" hits="0"/>
						<line number="11" hits="0"/>
						<line number="12" hits="0"/>
						<line number="13" hits="0"/>
						<line number="14" hits="0"/>
						<line number="15" hits="0"/>
						<line number="16" hits="0"/>
						<line number="17" hits="0"/>
						<line number="18" hits="0"/>
						<line number="19" hits="0"/>
						<line number="20" hits="0"/>
						<line number="21" hits="0"/>
						<line number="22" hits="0"/>
						<line number="23" hits="0"/>
						<line number="24" hits="0"/>
						<line number="25" hits="0"/>
						<line number="26" hits="0"/>
						<line number="27" hits="0"/>
						<line number="28" hits="0"/>
						<line number="29" hits="0"/>
						<line number="30" hits="0"/>
						<line number="31" hits="0"/>
						<line number="32" hits="0"/>
						<line number="33" hits="0"/>
						<line number="34" hits="0"/>
						<line number="35" hits="0"/>
						<line number="36" hits="0"/>
						<line number="37" hits="0"/>
						<line number="38" hits="0"/>
						<line number="39" hits="0"/>
						<line number="40" hits="0"/>
						<line number="41" hits="0"/>
						<line number="42" hits="0"/>
						<line number="43" hits="121"/>
						<line number="45" hits="121"/>
						<line number="46" hits="121"/>
						<line number="47" hits="242"/>
						<line number="48" hits="121"/>
						<line number="49" hits="121"/>
						<line number="50" hits="121"/>
						<line number="52" hits="121"/>
						<line number="53" hits="0"/>
						<line number="55" hits="121"/>
						<line number="57" hits="120"/>
						<line number="59" hits="1"/>
						<line number="62" hits="121"/>
						<line number="63" hits="121"/>
						<line number="65" hits="0"/>
						<line number="67" hits="121"/>
						<line number="69" hits="0"/>
						<line number="72" hits="0"/>
						<line number="73" hits="8"/>
						<line number="76" hits="0"/>
						<line number="77" hits="30"/>
						<line number="78" hits="30"/>
						<line number="79" hits="30"/>
						<line number="82" hits="0"/>
						<line number="83" hits="9"/>
						<line number="85" hits="0"/>
						<line number="88" hits="9"/>
						<line number="90" hits="0"/>
						<line number="93" hits="18"/>
						<line number="94" hits="18"/>
						<line number="96" hits="8"/>
						<line number="98" hits="0"/>
						<line number="99" hits="1"/>
						<line number="100" hits="1"/>
						<line number="103" hits="0"/>
						<line number="104" hits="28"/>
						<line number="105" hits="0"/>
						<line number="106" hits="0"/>
						<line number="108" hits="0"/>
						<line number="109" hits="0"/>
						<line number="110" hits="28"/>
						<line number="112" hits="28"/>
						<line number="115" hits="0"/>
						<line number="116" hits="94"/>
						<line number="118" hits="94"/>
						<line number="119" hits="94"/>
						<line number="122" hits="0"/>
						<line number="123" hits="2"/>
						<line number="124" hits="2"/>
						<line number="125" hits="2"/>
						<line number="128" hits="0"/>
						<line number="129" hits="45"/>
						<line number="131" hits="15"/>
						<line number="132" hits="15"/>
						<line number="135" hits="15"/>
						<line number="136" hits="15"/>
						<line number="137" hits="30"/>
						<line number="138" hits="30"/>
						<line number="140" hits="0"/>
						<line number="142" hits="30"/>
						<line number="144" hits="15"/>
						<line number="146" hits="15"/>
						<line number="148" hits="42"/>
						<line number="151" hits="15"/>
						<line number="152" hits="45"/>
						<line number="154" hits="13"/>
						<line number="155" hits="13"/>
						<line number="157" hits="0"/>
						<line number="158" hits="2"/>
						<line number="161" hits="13"/>
						<line number="162" hits="39"/>
						<line number="163" hits="26"/>
						<line number="164" hits="13"/>
						<line number="166" hits="26"/>
						<line number="174" hits="26"/>
						<line number="175" hits="13"/>
						<line number="176" hits="13"/>
						<line number="178" hits="2"/>
						<line number="180" hits="13"/>
						<line number="181" hits="6"/>
						<line number="182" hits="12"/>
						<line number="184" hits="7"/>
						<line number="187" hits="0"/>
						<line number="188" hits="2"/>
						<line number="189" hits="1"/>
						<line number="190" hits="1"/>
						<line number="193" hits="121"/>
						<line number="195" hits="0"/>
						<line number="197" hits="96"/>
						<line number="199" hits="0"/>
						<line number="204" hits="238"/>
						<line number="206" hits="39"/>
						<line number="207" hits="39"/>
						<line number="214" hits="57"/>
						<line number="215" hits="114"/>
						<line number="217" hits="59"/>
						<line number="219" hits="57"/>
						<line number="220" hits="57"/>
						<line number="221" hits="57"/>
						<line number="223" hits="51"/>
						<line number="225" hits="0"/>
						<line number="226" hits="0"/>
						<line number="228" hits="0"/>
						<line number="229" hits="0"/>
						<line number="235" hits="6"/>
						<line number="237" hits="0"/>
						<line number="244" hits="57"/>
						<line number="245" hits="6"/>
						<line number="246" hits="5"/>
						<line number="247" hits="5"/>
						<line number="254" hits="5"/>
						<line number="255" hits="5"/>
						<line number="256" hits="5"/>
						<line number="257" hits="5"/>
						<line number="259" hits="0"/>
						<line number="262" hits="0"/>
						<line number="263" hits="96"/>
						<line number="265" hits="95"/>
						<line number="267" hits="3"/>
						<line number="269" hits="92"/>
						<line number="271" hits="95"/>
						<line number="272" hits="0"/>
						<line number="275" hits="0"/>
						<line number="277" hits="0"/>
						<line number="279" hits="0"/>
						<line number="280" hits="0"/>
						<line number="281" hits="0"/>
						<line number="283" hits="0"/>
						<line number="284" hits="0"/>
						<line number="286" hits="0"/>
						<line number="289" hits="0"/>
						<line number="291" hits="0"/>
						<line number="292" hits="0"/>
						<line number="294" hits="0"/>
						<line number="296" hits="0"/>
						<line number="299" hits="0"/>
						<line number="300" hits="0"/>
						<line number="302" hits="0"/>
						<line number="303" hits="0"/>
						<line number="308" hits="0"/>
						<line number="309" hits="0"/>
						<line number="310" hits="0"/>
						<line number="311" hits="0"/>
						<line number="312" hits="0"/>
						<line number="313" hits="0"/>
						<line number="314" hits="0"/>
						<line number="315" hits="0"/>
						<line number="316" hits="0"/>
						<line number="317" hits="0"/>
						<line number="318" hits="0"/>
						<line number="319" hits="0"/>
						<line number="321" hits="0"/>
						<line number="323" hits="0"/>
						<line number="324" hits="0"/>
						<line number="325" hits="0"/>
						<line number="328" hits="0"/>
						<line number="329" hits="0"/>
						<line number="331" hits="0"/>
						<line number="332" hits="0"/>
						<line number="340" hits="0"/>
						<line number="341" hits="0"/>
						<line number="342" hits="0"/>
						<line number="345" hits="0"/>
						<line number="346" hits="0"/>
						<line number="347" hits="0"/>
						<line number="348" hits="0"/>
						<line number="349" hits="0"/>
						<line number="350" hits="0"/>
						<line number="352" hits="0"/>
						<line number="353" hits="0"/>
						<line number="355" hits="0"/>
						<line number="357" hits="0"/>
						<line number="358" hits="0"/>
						<line number="359" hits="0"/>
						<line number="362" hits="1"/>
						<line number="364" hits="0"/>
						<line number="366" hits="2"/>
						<line number="372" hits="121"/>
						<line number="373" hits="121"/>
						<line number="374" hits="1089"/>
						<line number="375" hits="605"/>
						<line number="376" hits="121"/>
						<line number="377" hits="121"/>
						<line number="378" hits="121"/>
						<line number="379" hits="121"/>
						<line number="380" hits="121"/>
						<line number="382" hits="242"/>
						<line number="384" hits="0"/>
						<line number="387" hits="242"/>
						<line number="389" hits="6"/>
						<line number="392" hits="210"/>
						<line number="394" hits="218"/>
						<line number="396" hits="0"/>
						<line number="398" hits="0"/>
						<line number="399" hits="0"/>
						<line number="402" hits="31"/>
						<line number="404" hits="3"/>
						<line number="406" hits="0"/>
						<line number="408" hits="0"/>
						<line number="410" hits="2"/>
						<line number="412" hits="0"/>
						<line number="414" hits="10"/>
						<line number="416" hits="1"/>
						<line number="418" hits="0"/>
						<line number="420" hits="0"/>
						<line number="422" hits="2"/>
						<line number="424" hits="9"/>
						<line number="426" hits="14"/>
						<line number="428" hits="0"/>
						<line number="430" hits="0"/>
						<line number="432" hits="6"/>
						<line number="434" hits="10"/>
						<line number="436" hits="0"/>
						<line number="438" hits="1"/>
						<line number="440" hits="1"/>
						<line number="442" hits="1"/>
						<line number="444" hits="0"/>
						<line number="446" hits="2"/>
						<line number="448" hits="2"/>
						<line number="450" hits="2"/>
						<line number="452" hits="0"/>
						<line number="454" hits="0"/>
						<line number="456" hits="242"/>
						<line number="458" hits="0"/>
						<line number="460" hits="89"/>
						<line number="465" hits="121"/>
						<line number="466" hits="21"/>
						<line number="467" hits="20"/>
						<line number="468" hits="40"/>
						<line number="469" hits="40"/>
						<line number="470" hits="20"/>
						<line number="471" hits="0"/>
						<line number="473" hits="0"/>
						<line number="476" hits="162"/>
						<line number="478" hits="20"/>
						<line number="482" hits="20"/>
						<line number="490" hits="0"/>
						<line number="493" hits="0"/>
						<line number="495" hits="0"/>
						<line number="496" hits="0"/>
						<line number="497" hits="20"/>
						<line number="499" hits="20"/>
						<line number="501" hits="0"/>
						<line number="504" hits="9"/>
						<line number="505" hits="9"/>
						<line number="506" hits="18"/>
						<line number="507" hits="9"/>
						<line number="508" hits="9"/>
						<line number="511" hits="9"/>
						<line number="513" hits="0"/>
						<line number="515" hits="9"/>
						<line number="516" hits="9"/>
						<line number="518" hits="8"/>
						<line number="519" hits="8"/>
						<line number="521" hits="9"/>
						<line number="522" hits="9"/>
						<line number="524" hits="11"/>
						<line number="529" hits="102"/>
						<line number="531" hits="1"/>
						<line number="533" hits="1"/>
						<line number="534" hits="1"/>
						<line number="537" hits="0"/>
						<line number="538" hits="0"/>
						<line number="544" hits="100"/>
						<line number="545" hits="8"/>
						<line number="548" hits="96"/>
						<line number="550" hits="99"/>
						<line number="552" hits="2"/>
						<line number="553" hits="2"/>
						<line number="555" hits="2"/>
						<line number="556" hits="2"/>
						<line number="557" hits="2"/>
						<line number="559" hits="2"/>
						<line number="561" hits="1"/>
						<line number="563" hits="1"/>
						<line number="566" hits="2"/>
						<line number="569" hits="96"/>
						<line number="571" hits="96"/>
						<line number="575" hits="95"/>
						<line number="576" hits="95"/>
						<line number="577" hits="95"/>
						<line number="578" hits="95"/>
						<line number="579" hits="95"/>
						<line number="580" hits="95"/>
						<line number="581" hits="95"/>
						<line number="582" hits="95"/>
						<line number="583" hits="95"/>
						<line number="584" hits="95"/>
						<line number="585" hits="95"/>
						<line number="587" hits="0"/>
						<line number="589" hits="95"/>
						<line number="590" hits="95"/>
						<line number="592" hits="94"/>
						<line number="594" hits="1"/>
						<line number="599" hits="106"/>
						<line number="601" hits="212"/>
						<line number="603" hits="208"/>
						<line number="605" hits="2"/>
						<line number="607" hits="206"/>
						<line number="608" hits="0"/>
						<line number="609" hits="104"/>
						<line number="611" hits="0"/>
						<line number="612" hits="0"/>
						<line number="620" hits="212"/>
						<line number="622" hits="106"/>
						<line number="624" hits="0"/>
						<line number="626" hits="212"/>
						<line number="627" hits="106"/>
						<line number="629" hits="11"/>
						<line number="631" hits="1"/>
						<line number="633" hits="94"/>
						<line number="635" hits="526"/>
						<line number="637" hits="2"/>
						<line number="639" hits="0"/>
						<line number="641" hits="424"/>
						<line number="643" hits="0"/>
						<line number="645" hits="0"/>
						<line number="647" hits="212"/>
						<line number="649" hits="0"/>
						<line number="651" hits="106"/>
						<line number="653" hits="212"/>
						<line number="655" hits="2"/>
						<line number="657" hits="212"/>
						<line number="659" hits="31"/>
						<line number="661" hits="212"/>
						<line number="662" hits="212"/>
						<line number="664" hits="0"/>
						<line number="665" hits="0"/>
						<line number="666" hits="0"/>
						<line number="669" hits="103"/>
						<line number="672" hits="212"/>
						<line number="673" hits="212"/>
						<line number="674" hits="106"/>
						<line number="676" hits="18"/>
						<line number="677" hits="9"/>
						<line number="680" hits="200"/>
						<line number="682" hits="248"/>
						<line number="683" hits="248"/>
						<line number="684" hits="124"/>
						<line number="685" hits="0"/>
						<line number="686" hits="0"/>
						<line number="687" hits="0"/>
						<line number="698" hits="124"/>
						<line number="700" hits="122"/>
						<line number="702" hits="0"/>
						<line number="704" hits="0"/>
						<line number="705" hits="0"/>
						<line number="706" hits="0"/>
						<line number="707" hits="0"/>
						<line number="708" hits="0"/>
						<line number="709" hits="0"/>
						<line number="710" hits="0"/>
						<line number="712" hits="122"/>
						<line number="714" hits="0"/>
						<line number="717" hits="122"/>
						<line number="719" hits="2"/>
						<line number="721" hits="121"/>
						<line number="722" hits="0"/>
						<line number="723" hits="0"/>
						<line number="724" hits="2"/>
						<line number="725" hits="2"/>
						<line number="727" hits="119"/>
						<line number="729" hits="119"/>
						<line number="730" hits="119"/>
						<line number="731" hits="119"/>
						<line number="732" hits="0"/>
						<line number="733" hits="119"/>
						<line number="738" hits="121"/>
						<line number="740" hits="0"/>
						<line number="742" hits="242"/>
						<line number="743" hits="242"/>
						<line number="744" hits="242"/>
						<line number="747" hits="121"/>
						<line number="749" hits="0"/>
						<line number="750" hits="0"/>
						<line number="753" hits="121"/>
						<line number="755" hits="121"/>
						<line number="757" hits="119"/>
						<line number="759" hits="0"/>
						<line number="760" hits="0"/>
						<line number="762" hits="0"/>
						<line number="764" hits="4"/>
						<line number="765" hits="4"/>
						<line number="766" hits="0"/>
						<line number="767" hits="0"/>
						<line number="770" hits="119"/>
						<line number="773" hits="119"/>
						<line number="775" hits="118"/>
						<line number="777" hits="119"/>
						<line number="779" hits="3"/>
						<line number="781" hits="0"/>
						<line number="784" hits="2"/>
						<line number="787" hits="0"/>
						<line number="792" hits="121"/>
						<line number="793" hits="121"/>
						<line number="795" hits="0"/>
						<line number="796" hits="0"/>
						<line number="797" hits="0"/>
						<line number="798" hits="0"/>
						<line number="800" hits="0"/>
						<line number="801" hits="0"/>
						<line number="802" hits="0"/>
						<line number="803" hits="0"/>
						<line number="807" hits="0"/>
						<line number="808" hits="0"/>
						<line number="809" hits="0"/>
						<line number="810" hits="0"/>
						<line number="811" hits="0"/>
						<line number="812" hits="0"/>
						<line number="813" hits="0"/>
						<line number="814" hits="0"/>
						<line number="815" hits="0"/>
						<line number="816" hits="0"/>
						<line number="817" hits="0"/>
						<line number="821" hits="121"/>
						<line number="824" hits="121"/>
						<line number="826" hits="0"/>
						<line number="827" hits="0"/>
						<line number="830" hits="121"/>
						<line number="832" hits="0"/>
						<line number="833" hits="0"/>
						<line number="836" hits="121"/>
						<line number="838" hits="242"/>
						<line number="840" hits="0"/>
						<line number="843" hits="242"/>
						<line number="845" hits="121"/>
						<line number="849" hits="119"/>
						<line number="850" hits="119"/>
						<line number="852" hits="42"/>
						<line number="854" hits="238"/>
						<line number="855" hits="119"/>
						<line number="862" hits="2"/>
						<line number="863" hits="2"/>
						<line number="864" hits="0"/>
						<line number="865" hits="0"/>
						<line number="866" hits="0"/>
						<line number="867" hits="0"/>
						<line number="869" hits="4"/>
						<line number="870" hits="2"/>
						<line number="872" hits="0"/>
						<line number="873" hits="0"/>
						<line number="874" hits="0"/>
						<line number="876" hits="2"/>
						<line number="877" hits="2"/>
						<line number="881" hits="156"/>
						<line number="883" hits="15"/>
						<line number="887" hits="7"/>
						<line number="888" hits="2"/>
						<line number="889" hits="1"/>
						<line number="890" hits="1"/>
						<line number="893" hits="6"/>
						<line number="896" hits="120"/>
						<line number="898" hits="28"/>
						<line number="899" hits="56"/>
						<line number="901" hits="0"/>
						<line number="902" hits="28"/>
						<line number="904" hits="28"/>
						<line number="907" hits="92"/>
						<line number="909" hits="0"/>
						<line number="912" hits="184"/>
						<line number="913" hits="0"/>
						<line number="914" hits="0"/>
						<line number="916" hits="0"/>
						<line number="918" hits="0"/>
						<line number="919" hits="0"/>
						<line number="921" hits="0"/>
						<line number="923" hits="0"/>
						<line number="924" hits="0"/>
						<line number="925" hits="0"/>
						<line number="926" hits="0"/>
						<line number="928" hits="92"/>
						<line number="929" hits="184"/>
						<line number="930" hits="0"/>
						<line number="932" hits="92"/>
						<line number="933" hits="184"/>
						<line number="936" hits="184"/>
						<line number="938" hits="1"/>
						<line number="941" hits="184"/>
						<line number="944" hits="76"/>
						<line number="945" hits="0"/>
						<line number="946" hits="0"/>
						<line number="947" hits="0"/>
						<line number="953" hits="76"/>
						<line number="955" hits="76"/>
						<line number="956" hits="76"/>
					</lines>
				</class>
			</classes>
		</package>
	</packages>
</coverage>
