<?xml version="1.0" ?>
<!DOCTYPE coverage SYSTEM 'http://cobertura.sourceforge.net/xml/coverage-03.dtd'>
<coverage line-rate="0.000" version="1.9" timestamp="1435858909">
	<sources>
		<source>/</source>
	</sources>
	<packages>
		<package name="git_rebase" line-rate="0.000" branch-rate="1.0" complexity="1.0">
			<classes>
				<class name="gettext_sh" filename="usr/bin/gettext.sh" line-rate="0.156">
					<lines>
						<line number="20" hits="628"/>
						<line number="21" hits="314"/>
						<line number="23" hits="0"/>
						<line number="24" hits="0"/>
						<line number="26" hits="0"/>
						<line number="27" hits="0"/>
						<line number="31" hits="0"/>
						<line number="41" hits="314"/>
						<line number="47" hits="314"/>
						<line number="49" hits="0"/>
						<line number="50" hits="0"/>
						<line number="51" hits="0"/>
						<line number="54" hits="0"/>
						<line number="56" hits="0"/>
						<line number="57" hits="0"/>
						<line number="61" hits="0"/>
						<line number="63" hits="0"/>
						<line number="64" hits="0"/>
						<line number="65" hits="0"/>
						<line number="66" hits="0"/>
						<line number="67" hits="0"/>
						<line number="68" hits="0"/>
						<line number="70" hits="0"/>
						<line number="71" hits="0"/>
						<line number="73" hits="0"/>
						<line number="75" hits="0"/>
						<line number="78" hits="0"/>
						<line number="79" hits="0"/>
						<line number="87" hits="0"/>
						<line number="88" hits="292"/>
						<line number="94" hits="0"/>
						<line number="95" hits="0"/>
					</lines>
				</class>
				<class name="git_sh_i18n" filename="home/pyokagan/pyk/git/git-sh-i18n" line-rate="0.350">
					<lines>
						<line number="8" hits="314"/>
						<line number="9" hits="314"/>
						<line number="10" hits="314"/>
						<line number="12" hits="314"/>
						<line number="14" hits="0"/>
						<line number="16" hits="314"/>
						<line number="19" hits="314"/>
						<line number="20" hits="314"/>
						<line number="22" hits="0"/>
						<line number="23" hits="314"/>
						<line number="25" hits="0"/>
						<line number="26" hits="314"/>
						<line number="28" hits="0"/>
						<line number="29" hits="314"/>
						<line number="32" hits="314"/>
						<line number="33" hits="0"/>
						<line number="38" hits="0"/>
						<line number="40" hits="314"/>
						<line number="43" hits="314"/>
						<line number="46" hits="314"/>
						<line number="50" hits="0"/>
						<line number="51" hits="0"/>
						<line number="52" hits="0"/>
						<line number="53" hits="0"/>
						<line number="60" hits="0"/>
						<line number="61" hits="0"/>
						<line number="64" hits="0"/>
						<line number="65" hits="0"/>
						<line number="69" hits="0"/>
						<line number="70" hits="0"/>
						<line number="73" hits="0"/>
						<line number="74" hits="0"/>
						<line number="75" hits="0"/>
						<line number="76" hits="0"/>
						<line number="83" hits="0"/>
						<line number="84" hits="0"/>
						<line number="85" hits="0"/>
						<line number="88" hits="0"/>
						<line number="89" hits="0"/>
						<line number="90" hits="0"/>
					</lines>
				</class>
				<class name="git_sh_setup" filename="home/pyokagan/pyk/git/git-sh-setup" line-rate="0.380">
					<lines>
						<line number="10" hits="314"/>
						<line number="15" hits="0"/>
						<line number="16" hits="314"/>
						<line number="18" hits="0"/>
						<line number="19" hits="0"/>
						<line number="20" hits="0"/>
						<line number="22" hits="0"/>
						<line number="23" hits="0"/>
						<line number="24" hits="0"/>
						<line number="25" hits="0"/>
						<line number="26" hits="0"/>
						<line number="27" hits="0"/>
						<line number="29" hits="0"/>
						<line number="31" hits="0"/>
						<line number="32" hits="0"/>
						<line number="33" hits="0"/>
						<line number="35" hits="0"/>
						<line number="36" hits="0"/>
						<line number="38" hits="0"/>
						<line number="45" hits="0"/>
						<line number="46" hits="45"/>
						<line number="49" hits="0"/>
						<line number="50" hits="45"/>
						<line number="51" hits="45"/>
						<line number="52" hits="45"/>
						<line number="53" hits="45"/>
						<line number="56" hits="314"/>
						<line number="58" hits="0"/>
						<line number="59" hits="219"/>
						<line number="61" hits="217"/>
						<line number="65" hits="314"/>
						<line number="67" hits="8"/>
						<line number="68" hits="8"/>
						<line number="71" hits="314"/>
						<line number="72" hits="314"/>
						<line number="73" hits="0"/>
						<line number="74" hits="314"/>
						<line number="75" hits="314"/>
						<line number="77" hits="0"/>
						<line number="78" hits="0"/>
						<line number="79" hits="0"/>
						<line number="80" hits="0"/>
						<line number="81" hits="628"/>
						<line number="83" hits="314"/>
						<line number="85" hits="0"/>
						<line number="88" hits="0"/>
						<line number="90" hits="0"/>
						<line number="94" hits="0"/>
						<line number="97" hits="0"/>
						<line number="99" hits="0"/>
						<line number="100" hits="0"/>
						<line number="139" hits="314"/>
						<line number="141" hits="312"/>
						<line number="142" hits="312"/>
						<line number="147" hits="0"/>
						<line number="149" hits="0"/>
						<line number="152" hits="0"/>
						<line number="156" hits="0"/>
						<line number="158" hits="0"/>
						<line number="160" hits="0"/>
						<line number="162" hits="0"/>
						<line number="163" hits="0"/>
						<line number="164" hits="0"/>
						<line number="166" hits="0"/>
						<line number="169" hits="0"/>
						<line number="170" hits="42"/>
						<line number="173" hits="0"/>
						<line number="174" hits="0"/>
						<line number="177" hits="0"/>
						<line number="178" hits="0"/>
						<line number="181" hits="0"/>
						<line number="182" hits="628"/>
						<line number="183" hits="314"/>
						<line number="184" hits="0"/>
						<line number="185" hits="0"/>
						<line number="189" hits="0"/>
						<line number="190" hits="628"/>
						<line number="192" hits="0"/>
						<line number="196" hits="0"/>
						<line number="197" hits="0"/>
						<line number="198" hits="0"/>
						<line number="201" hits="0"/>
						<line number="202" hits="263"/>
						<line number="203" hits="263"/>
						<line number="204" hits="263"/>
						<line number="206" hits="263"/>
						<line number="208" hits="20"/>
						<line number="209" hits="20"/>
						<line number="212" hits="263"/>
						<line number="214" hits="8"/>
						<line number="216" hits="7"/>
						<line number="218" hits="1"/>
						<line number="220" hits="8"/>
						<line number="223" hits="263"/>
						<line number="225" hits="30"/>
						<line number="226" hits="27"/>
						<line number="239" hits="0"/>
						<line number="240" hits="80"/>
						<line number="242" hits="80"/>
						<line number="243" hits="80"/>
						<line number="244" hits="40"/>
						<line number="245" hits="0"/>
						<line number="246" hits="0"/>
						<line number="247" hits="0"/>
						<line number="248" hits="0"/>
						<line number="249" hits="0"/>
						<line number="251" hits="0"/>
						<line number="252" hits="0"/>
						<line number="253" hits="0"/>
						<line number="255" hits="0"/>
						<line number="256" hits="0"/>
						<line number="257" hits="0"/>
						<line number="259" hits="0"/>
						<line number="261" hits="40"/>
						<line number="266" hits="0"/>
						<line number="267" hits="160"/>
						<line number="272" hits="0"/>
						<line number="273" hits="120"/>
						<line number="274" hits="40"/>
						<line number="275" hits="40"/>
						<line number="282" hits="0"/>
						<line number="288" hits="0"/>
						<line number="289" hits="0"/>
						<line number="290" hits="0"/>
						<line number="294" hits="0"/>
						<line number="299" hits="942"/>
						<line number="302" hits="0"/>
						<line number="303" hits="0"/>
						<line number="305" hits="0"/>
						<line number="306" hits="0"/>
						<line number="309" hits="0"/>
						<line number="310" hits="0"/>
						<line number="312" hits="0"/>
						<line number="313" hits="0"/>
						<line number="315" hits="0"/>
						<line number="317" hits="0"/>
						<line number="321" hits="0"/>
						<line number="322" hits="0"/>
						<line number="324" hits="0"/>
						<line number="326" hits="0"/>
						<line number="332" hits="0"/>
						<line number="333" hits="628"/>
						<line number="334" hits="314"/>
						<line number="336" hits="0"/>
						<line number="337" hits="0"/>
						<line number="338" hits="0"/>
						<line number="339" hits="0"/>
						<line number="342" hits="1256"/>
						<line number="343" hits="0"/>
						<line number="344" hits="0"/>
						<line number="346" hits="628"/>
						<line number="349" hits="314"/>
						<line number="351" hits="314"/>
						<line number="354" hits="0"/>
						<line number="355" hits="440"/>
						<line number="357" hits="4"/>
						<line number="358" hits="2"/>
						<line number="361" hits="436"/>
					</lines>
				</class>
				<class name="git_rebase" filename="home/pyokagan/pyk/git/git-rebase" line-rate="0.683">
					<lines>
						<line number="6" hits="314"/>
						<line number="7" hits="314"/>
						<line number="8" hits="314"/>
						<line number="9" hits="0"/>
						<line number="11" hits="0"/>
						<line number="12" hits="0"/>
						<line number="13" hits="0"/>
						<line number="14" hits="0"/>
						<line number="15" hits="0"/>
						<line number="16" hits="0"/>
						<line number="17" hits="0"/>
						<line number="18" hits="0"/>
						<line number="19" hits="0"/>
						<line number="20" hits="0"/>
						<line number="21" hits="0"/>
						<line number="22" hits="0"/>
						<line number="23" hits="0"/>
						<line number="24" hits="0"/>
						<line number="25" hits="0"/>
						<line number="26" hits="0"/>
						<line number="27" hits="0"/>
						<line number="28" hits="0"/>
						<line number="29" hits="0"/>
						<line number="30" hits="0"/>
						<line number="31" hits="0"/>
						<line number="32" hits="0"/>
						<line number="33" hits="0"/>
						<line number="34" hits="0"/>
						<line number="35" hits="0"/>
						<line number="36" hits="0"/>
						<line number="37" hits="0"/>
						<line number="38" hits="0"/>
						<line number="39" hits="0"/>
						<line number="40" hits="0"/>
						<line number="41" hits="0"/>
						<line number="42" hits="0"/>
						<line number="43" hits="0"/>
						<line number="44" hits="0"/>
						<line number="45" hits="0"/>
						<line number="46" hits="314"/>
						<line number="47" hits="314"/>
						<line number="48" hits="314"/>
						<line number="49" hits="314"/>
						<line number="50" hits="314"/>
						<line number="51" hits="314"/>
						<line number="53" hits="0"/>
						<line number="54" hits="314"/>
						<line number="55" hits="314"/>
						<line number="60" hits="314"/>
						<line number="61" hits="314"/>
						<line number="62" hits="628"/>
						<line number="63" hits="314"/>
						<line number="64" hits="314"/>
						<line number="65" hits="314"/>
						<line number="66" hits="314"/>
						<line number="67" hits="314"/>
						<line number="68" hits="314"/>
						<line number="69" hits="314"/>
						<line number="70" hits="314"/>
						<line number="71" hits="631"/>
						<line number="72" hits="910"/>
						<line number="73" hits="314"/>
						<line number="74" hits="314"/>
						<line number="75" hits="314"/>
						<line number="76" hits="314"/>
						<line number="77" hits="314"/>
						<line number="79" hits="314"/>
						<line number="81" hits="314"/>
						<line number="83" hits="314"/>
						<line number="85" hits="314"/>
						<line number="86" hits="314"/>
						<line number="87" hits="314"/>
						<line number="88" hits="314"/>
						<line number="89" hits="628"/>
						<line number="90" hits="314"/>
						<line number="92" hits="0"/>
						<line number="93" hits="81"/>
						<line number="94" hits="81"/>
						<line number="95" hits="162"/>
						<line number="96" hits="162"/>
						<line number="100" hits="81"/>
						<line number="102" hits="162"/>
						<line number="104" hits="0"/>
						<line number="105" hits="0"/>
						<line number="106" hits="162"/>
						<line number="107" hits="81"/>
						<line number="108" hits="83"/>
						<line number="109" hits="81"/>
						<line number="110" hits="2"/>
						<line number="111" hits="81"/>
						<line number="112" hits="4"/>
						<line number="113" hits="81"/>
						<line number="114" hits="0"/>
						<line number="117" hits="0"/>
						<line number="118" hits="111"/>
						<line number="119" hits="111"/>
						<line number="120" hits="111"/>
						<line number="121" hits="111"/>
						<line number="122" hits="111"/>
						<line number="123" hits="114"/>
						<line number="124" hits="114"/>
						<line number="126" hits="112"/>
						<line number="128" hits="111"/>
						<line number="131" hits="0"/>
						<line number="132" hits="520"/>
						<line number="134" hits="599"/>
						<line number="135" hits="260"/>
						<line number="136" hits="273"/>
						<line number="137" hits="260"/>
						<line number="140" hits="0"/>
						<line number="145" hits="0"/>
						<line number="146" hits="124"/>
						<line number="148" hits="113"/>
						<line number="149" hits="226"/>
						<line number="151" hits="113"/>
						<line number="154" hits="0"/>
						<line number="159" hits="0"/>
						<line number="160" hits="200"/>
						<line number="162" hits="42"/>
						<line number="163" hits="21"/>
						<line number="165" hits="36"/>
						<line number="167" hits="3"/>
						<line number="168" hits="0"/>
						<line number="169" hits="0"/>
						<line number="170" hits="0"/>
						<line number="171" hits="0"/>
						<line number="172" hits="3"/>
						<line number="177" hits="0"/>
						<line number="178" hits="199"/>
						<line number="179" hits="199"/>
						<line number="180" hits="199"/>
						<line number="183" hits="0"/>
						<line number="184" hits="217"/>
						<line number="185" hits="0"/>
						<line number="186" hits="0"/>
						<line number="187" hits="0"/>
						<line number="189" hits="217"/>
						<line number="190" hits="156"/>
						<line number="191" hits="156"/>
						<line number="193" hits="125"/>
						<line number="194" hits="31"/>
						<line number="196" hits="1"/>
						<line number="197" hits="1"/>
						<line number="198" hits="1"/>
						<line number="200" hits="155"/>
						<line number="203" hits="0"/>
						<line number="204" hits="208"/>
						<line number="205" hits="412"/>
						<line number="207" hits="16"/>
						<line number="208" hits="4"/>
						<line number="212" hits="314"/>
						<line number="213" hits="0"/>
						<line number="215" hits="314"/>
						<line number="217" hits="30"/>
						<line number="218" hits="30"/>
						<line number="219" hits="284"/>
						<line number="221" hits="57"/>
						<line number="223" hits="35"/>
						<line number="224" hits="35"/>
						<line number="226" hits="22"/>
						<line number="228" hits="57"/>
						<line number="230" hits="401"/>
						<line number="232" hits="314"/>
						<line number="233" hits="538"/>
						<line number="235" hits="541"/>
						<line number="237" hits="2"/>
						<line number="240" hits="0"/>
						<line number="243" hits="98"/>
						<line number="244" hits="82"/>
						<line number="247" hits="33"/>
						<line number="250" hits="0"/>
						<line number="253" hits="57"/>
						<line number="256" hits="0"/>
						<line number="259" hits="0"/>
						<line number="260" hits="0"/>
						<line number="263" hits="2"/>
						<line number="266" hits="0"/>
						<line number="269" hits="0"/>
						<line number="272" hits="0"/>
						<line number="275" hits="27"/>
						<line number="278" hits="6"/>
						<line number="279" hits="3"/>
						<line number="280" hits="4"/>
						<line number="283" hits="2"/>
						<line number="284" hits="2"/>
						<line number="287" hits="1"/>
						<line number="290" hits="1"/>
						<line number="293" hits="1"/>
						<line number="296" hits="4"/>
						<line number="297" hits="4"/>
						<line number="298" hits="4"/>
						<line number="301" hits="2"/>
						<line number="302" hits="2"/>
						<line number="303" hits="2"/>
						<line number="304" hits="2"/>
						<line number="307" hits="4"/>
						<line number="308" hits="4"/>
						<line number="310" hits="4"/>
						<line number="315" hits="0"/>
						<line number="318" hits="0"/>
						<line number="319" hits="0"/>
						<line number="322" hits="0"/>
						<line number="325" hits="0"/>
						<line number="328" hits="2"/>
						<line number="331" hits="1"/>
						<line number="334" hits="0"/>
						<line number="337" hits="0"/>
						<line number="340" hits="306"/>
						<line number="341" hits="306"/>
						<line number="344" hits="224"/>
						<line number="346" hits="306"/>
						<line number="348" hits="306"/>
						<line number="349" hits="0"/>
						<line number="351" hits="0"/>
						<line number="354" hits="306"/>
						<line number="356" hits="84"/>
						<line number="358" hits="116"/>
						<line number="360" hits="35"/>
						<line number="361" hits="35"/>
						<line number="365" hits="305"/>
						<line number="367" hits="0"/>
						<line number="370" hits="305"/>
						<line number="373" hits="35"/>
						<line number="374" hits="0"/>
						<line number="375" hits="35"/>
						<line number="376" hits="35"/>
						<line number="377" hits="0"/>
						<line number="378" hits="0"/>
						<line number="379" hits="0"/>
						<line number="381" hits="35"/>
						<line number="382" hits="35"/>
						<line number="385" hits="12"/>
						<line number="386" hits="12"/>
						<line number="387" hits="12"/>
						<line number="390" hits="34"/>
						<line number="391" hits="34"/>
						<line number="392" hits="34"/>
						<line number="394" hits="34"/>
						<line number="395" hits="0"/>
						<line number="398" hits="34"/>
						<line number="399" hits="34"/>
						<line number="400" hits="34"/>
						<line number="403" hits="0"/>
						<line number="408" hits="224"/>
						<line number="410" hits="0"/>
						<line number="411" hits="0"/>
						<line number="412" hits="0"/>
						<line number="413" hits="0"/>
						<line number="414" hits="0"/>
						<line number="415" hits="0"/>
						<line number="416" hits="0"/>
						<line number="417" hits="0"/>
						<line number="418" hits="0"/>
						<line number="419" hits="0"/>
						<line number="420" hits="0"/>
						<line number="421" hits="0"/>
						<line number="424" hits="224"/>
						<line number="426" hits="0"/>
						<line number="429" hits="224"/>
						<line number="431" hits="57"/>
						<line number="432" hits="57"/>
						<line number="433" hits="167"/>
						<line number="435" hits="30"/>
						<line number="436" hits="30"/>
						<line number="438" hits="137"/>
						<line number="439" hits="137"/>
						<line number="442" hits="224"/>
						<line number="444" hits="229"/>
						<line number="446" hits="0"/>
						<line number="449" hits="2"/>
						<line number="450" hits="2"/>
						<line number="454" hits="6"/>
						<line number="456" hits="219"/>
						<line number="457" hits="219"/>
						<line number="459" hits="1"/>
						<line number="461" hits="219"/>
						<line number="464" hits="444"/>
						<line number="465" hits="0"/>
						<line number="466" hits="222"/>
						<line number="468" hits="0"/>
						<line number="470" hits="0"/>
						<line number="471" hits="0"/>
						<line number="472" hits="0"/>
						<line number="474" hits="0"/>
						<line number="475" hits="0"/>
						<line number="476" hits="0"/>
						<line number="477" hits="0"/>
						<line number="481" hits="222"/>
						<line number="482" hits="438"/>
						<line number="484" hits="12"/>
						<line number="485" hits="12"/>
						<line number="487" hits="8"/>
						<line number="489" hits="4"/>
						<line number="492" hits="0"/>
						<line number="496" hits="0"/>
						<line number="500" hits="432"/>
						<line number="501" hits="2"/>
						<line number="509" hits="219"/>
						<line number="510" hits="421"/>
						<line number="513" hits="17"/>
						<line number="514" hits="17"/>
						<line number="516" hits="17"/>
						<line number="517" hits="32"/>
						<line number="519" hits="16"/>
						<line number="520" hits="2"/>
						<line number="522" hits="1"/>
						<line number="524" hits="0"/>
						<line number="529" hits="404"/>
						<line number="531" hits="190"/>
						<line number="532" hits="380"/>
						<line number="534" hits="12"/>
						<line number="535" hits="12"/>
						<line number="537" hits="404"/>
						<line number="540" hits="0"/>
						<line number="544" hits="219"/>
						<line number="546" hits="0"/>
						<line number="548" hits="3"/>
						<line number="550" hits="2"/>
						<line number="554" hits="243"/>
						<line number="556" hits="48"/>
						<line number="557" hits="0"/>
						<line number="559" hits="24"/>
						<line number="560" hits="24"/>
						<line number="561" hits="48"/>
						<line number="562" hits="48"/>
						<line number="563" hits="24"/>
						<line number="566" hits="438"/>
						<line number="574" hits="432"/>
						<line number="575" hits="376"/>
						<line number="576" hits="156"/>
						<line number="578" hits="28"/>
						<line number="580" hits="14"/>
						<line number="583" hits="8"/>
						<line number="584" hits="2"/>
						<line number="586" hits="16"/>
						<line number="587" hits="8"/>
						<line number="588" hits="8"/>
						<line number="590" hits="12"/>
						<line number="595" hits="208"/>
						<line number="597" hits="206"/>
						<line number="599" hits="2"/>
						<line number="601" hits="0"/>
						<line number="604" hits="4"/>
						<line number="607" hits="261"/>
						<line number="610" hits="302"/>
						<line number="612" hits="302"/>
						<line number="614" hits="147"/>
						<line number="618" hits="147"/>
						<line number="620" hits="64"/>
						<line number="621" hits="32"/>
						<line number="622" hits="32"/>
						<line number="623" hits="32"/>
						<line number="626" hits="115"/>
						<line number="628" hits="0"/>
						<line number="630" hits="115"/>
						<line number="633" hits="115"/>
					</lines>
				</class>
			</classes>
		</package>
	</packages>
</coverage>
