<?xml version="1.0" ?>
<!DOCTYPE coverage SYSTEM 'http://cobertura.sourceforge.net/xml/coverage-03.dtd'>
<coverage line-rate="0.000" version="1.9" timestamp="1435858910">
	<sources>
		<source>/</source>
	</sources>
	<packages>
		<package name="git_stash" line-rate="0.000" branch-rate="1.0" complexity="1.0">
			<classes>
				<class name="gettext_sh" filename="usr/bin/gettext.sh" line-rate="0.156">
					<lines>
						<line number="20" hits="110"/>
						<line number="21" hits="55"/>
						<line number="23" hits="0"/>
						<line number="24" hits="0"/>
						<line number="26" hits="0"/>
						<line number="27" hits="0"/>
						<line number="31" hits="0"/>
						<line number="41" hits="55"/>
						<line number="47" hits="55"/>
						<line number="49" hits="0"/>
						<line number="50" hits="0"/>
						<line number="51" hits="0"/>
						<line number="54" hits="0"/>
						<line number="56" hits="0"/>
						<line number="57" hits="0"/>
						<line number="61" hits="0"/>
						<line number="63" hits="0"/>
						<line number="64" hits="0"/>
						<line number="65" hits="0"/>
						<line number="66" hits="0"/>
						<line number="67" hits="0"/>
						<line number="68" hits="0"/>
						<line number="70" hits="0"/>
						<line number="71" hits="0"/>
						<line number="73" hits="0"/>
						<line number="75" hits="0"/>
						<line number="78" hits="0"/>
						<line number="79" hits="0"/>
						<line number="87" hits="0"/>
						<line number="88" hits="40"/>
						<line number="94" hits="0"/>
						<line number="95" hits="0"/>
					</lines>
				</class>
				<class name="git_sh_i18n" filename="home/pyokagan/pyk/git/git-sh-i18n" line-rate="0.350">
					<lines>
						<line number="8" hits="55"/>
						<line number="9" hits="55"/>
						<line number="10" hits="55"/>
						<line number="12" hits="55"/>
						<line number="14" hits="0"/>
						<line number="16" hits="55"/>
						<line number="19" hits="55"/>
						<line number="20" hits="55"/>
						<line number="22" hits="0"/>
						<line number="23" hits="55"/>
						<line number="25" hits="0"/>
						<line number="26" hits="55"/>
						<line number="28" hits="0"/>
						<line number="29" hits="55"/>
						<line number="32" hits="55"/>
						<line number="33" hits="0"/>
						<line number="38" hits="0"/>
						<line number="40" hits="55"/>
						<line number="43" hits="55"/>
						<line number="46" hits="55"/>
						<line number="50" hits="0"/>
						<line number="51" hits="0"/>
						<line number="52" hits="0"/>
						<line number="53" hits="0"/>
						<line number="60" hits="0"/>
						<line number="61" hits="0"/>
						<line number="64" hits="0"/>
						<line number="65" hits="0"/>
						<line number="69" hits="0"/>
						<line number="70" hits="0"/>
						<line number="73" hits="0"/>
						<line number="74" hits="0"/>
						<line number="75" hits="0"/>
						<line number="76" hits="0"/>
						<line number="83" hits="0"/>
						<line number="84" hits="0"/>
						<line number="85" hits="0"/>
						<line number="88" hits="0"/>
						<line number="89" hits="0"/>
						<line number="90" hits="0"/>
					</lines>
				</class>
				<class name="git_sh_setup" filename="home/pyokagan/pyk/git/git-sh-setup" line-rate="0.158">
					<lines>
						<line number="10" hits="55"/>
						<line number="15" hits="0"/>
						<line number="16" hits="55"/>
						<line number="18" hits="0"/>
						<line number="19" hits="0"/>
						<line number="20" hits="0"/>
						<line number="22" hits="0"/>
						<line number="23" hits="0"/>
						<line number="24" hits="0"/>
						<line number="25" hits="0"/>
						<line number="26" hits="0"/>
						<line number="27" hits="0"/>
						<line number="29" hits="0"/>
						<line number="31" hits="0"/>
						<line number="32" hits="0"/>
						<line number="33" hits="0"/>
						<line number="35" hits="0"/>
						<line number="36" hits="0"/>
						<line number="38" hits="0"/>
						<line number="45" hits="0"/>
						<line number="46" hits="4"/>
						<line number="49" hits="0"/>
						<line number="50" hits="4"/>
						<line number="51" hits="4"/>
						<line number="52" hits="4"/>
						<line number="53" hits="4"/>
						<line number="56" hits="55"/>
						<line number="58" hits="0"/>
						<line number="59" hits="38"/>
						<line number="61" hits="37"/>
						<line number="65" hits="55"/>
						<line number="67" hits="0"/>
						<line number="68" hits="0"/>
						<line number="71" hits="0"/>
						<line number="72" hits="0"/>
						<line number="73" hits="0"/>
						<line number="74" hits="0"/>
						<line number="75" hits="0"/>
						<line number="77" hits="0"/>
						<line number="78" hits="0"/>
						<line number="79" hits="0"/>
						<line number="80" hits="0"/>
						<line number="81" hits="0"/>
						<line number="83" hits="165"/>
						<line number="85" hits="0"/>
						<line number="88" hits="55"/>
						<line number="90" hits="55"/>
						<line number="94" hits="0"/>
						<line number="97" hits="110"/>
						<line number="99" hits="0"/>
						<line number="100" hits="0"/>
						<line number="139" hits="0"/>
						<line number="141" hits="0"/>
						<line number="142" hits="0"/>
						<line number="147" hits="0"/>
						<line number="149" hits="0"/>
						<line number="152" hits="0"/>
						<line number="156" hits="0"/>
						<line number="158" hits="0"/>
						<line number="160" hits="0"/>
						<line number="162" hits="0"/>
						<line number="163" hits="0"/>
						<line number="164" hits="0"/>
						<line number="166" hits="0"/>
						<line number="169" hits="0"/>
						<line number="170" hits="0"/>
						<line number="173" hits="0"/>
						<line number="174" hits="0"/>
						<line number="177" hits="0"/>
						<line number="178" hits="0"/>
						<line number="181" hits="0"/>
						<line number="182" hits="110"/>
						<line number="183" hits="55"/>
						<line number="184" hits="0"/>
						<line number="185" hits="0"/>
						<line number="189" hits="0"/>
						<line number="190" hits="0"/>
						<line number="192" hits="0"/>
						<line number="196" hits="0"/>
						<line number="197" hits="110"/>
						<line number="198" hits="0"/>
						<line number="201" hits="0"/>
						<line number="202" hits="0"/>
						<line number="203" hits="0"/>
						<line number="204" hits="0"/>
						<line number="206" hits="0"/>
						<line number="208" hits="0"/>
						<line number="209" hits="0"/>
						<line number="212" hits="0"/>
						<line number="214" hits="0"/>
						<line number="216" hits="0"/>
						<line number="218" hits="0"/>
						<line number="220" hits="0"/>
						<line number="223" hits="0"/>
						<line number="225" hits="0"/>
						<line number="226" hits="0"/>
						<line number="239" hits="0"/>
						<line number="240" hits="0"/>
						<line number="242" hits="0"/>
						<line number="243" hits="0"/>
						<line number="244" hits="0"/>
						<line number="245" hits="0"/>
						<line number="246" hits="0"/>
						<line number="247" hits="0"/>
						<line number="248" hits="0"/>
						<line number="249" hits="0"/>
						<line number="251" hits="0"/>
						<line number="252" hits="0"/>
						<line number="253" hits="0"/>
						<line number="255" hits="0"/>
						<line number="256" hits="0"/>
						<line number="257" hits="0"/>
						<line number="259" hits="0"/>
						<line number="261" hits="0"/>
						<line number="266" hits="0"/>
						<line number="267" hits="0"/>
						<line number="272" hits="0"/>
						<line number="273" hits="0"/>
						<line number="274" hits="0"/>
						<line number="275" hits="0"/>
						<line number="282" hits="0"/>
						<line number="288" hits="0"/>
						<line number="289" hits="0"/>
						<line number="290" hits="0"/>
						<line number="294" hits="0"/>
						<line number="299" hits="165"/>
						<line number="302" hits="0"/>
						<line number="303" hits="0"/>
						<line number="305" hits="0"/>
						<line number="306" hits="0"/>
						<line number="309" hits="0"/>
						<line number="310" hits="0"/>
						<line number="312" hits="0"/>
						<line number="313" hits="0"/>
						<line number="315" hits="0"/>
						<line number="317" hits="0"/>
						<line number="321" hits="0"/>
						<line number="322" hits="0"/>
						<line number="324" hits="0"/>
						<line number="326" hits="0"/>
						<line number="332" hits="0"/>
						<line number="333" hits="110"/>
						<line number="334" hits="55"/>
						<line number="336" hits="0"/>
						<line number="337" hits="0"/>
						<line number="338" hits="0"/>
						<line number="339" hits="0"/>
						<line number="342" hits="220"/>
						<line number="343" hits="0"/>
						<line number="344" hits="0"/>
						<line number="346" hits="110"/>
						<line number="349" hits="55"/>
						<line number="351" hits="55"/>
						<line number="354" hits="0"/>
						<line number="355" hits="0"/>
						<line number="357" hits="0"/>
						<line number="358" hits="0"/>
						<line number="361" hits="0"/>
					</lines>
				</class>
				<class name="git_stash" filename="home/pyokagan/pyk/git/git-stash" line-rate="0.652">
					<lines>
						<line number="4" hits="165"/>
						<line number="12" hits="55"/>
						<line number="14" hits="55"/>
						<line number="15" hits="55"/>
						<line number="16" hits="110"/>
						<line number="17" hits="55"/>
						<line number="18" hits="55"/>
						<line number="19" hits="55"/>
						<line number="20" hits="55"/>
						<line number="22" hits="55"/>
						<line number="23" hits="110"/>
						<line number="24" hits="55"/>
						<line number="26" hits="55"/>
						<line number="28" hits="55"/>
						<line number="29" hits="0"/>
						<line number="30" hits="0"/>
						<line number="32" hits="55"/>
						<line number="33" hits="55"/>
						<line number="36" hits="0"/>
						<line number="37" hits="58"/>
						<line number="38" hits="30"/>
						<line number="39" hits="18"/>
						<line number="42" hits="0"/>
						<line number="43" hits="11"/>
						<line number="44" hits="14"/>
						<line number="45" hits="11"/>
						<line number="48" hits="0"/>
						<line number="49" hits="27"/>
						<line number="51" hits="0"/>
						<line number="53" hits="54"/>
						<line number="55" hits="8"/>
						<line number="59" hits="0"/>
						<line number="60" hits="29"/>
						<line number="61" hits="29"/>
						<line number="63" hits="29"/>
						<line number="64" hits="29"/>
						<line number="66" hits="3"/>
						<line number="70" hits="52"/>
						<line number="72" hits="52"/>
						<line number="74" hits="0"/>
						<line number="77" hits="52"/>
						<line number="79" hits="26"/>
						<line number="81" hits="0"/>
						<line number="83" hits="52"/>
						<line number="86" hits="52"/>
						<line number="87" hits="0"/>
						<line number="88" hits="52"/>
						<line number="89" hits="26"/>
						<line number="91" hits="26"/>
						<line number="95" hits="0"/>
						<line number="96" hits="0"/>
						<line number="97" hits="0"/>
						<line number="98" hits="0"/>
						<line number="99" hits="0"/>
						<line number="100" hits="0"/>
						<line number="101" hits="0"/>
						<line number="102" hits="0"/>
						<line number="103" hits="0"/>
						<line number="104" hits="7"/>
						<line number="106" hits="14"/>
						<line number="108" hits="26"/>
						<line number="111" hits="40"/>
						<line number="115" hits="0"/>
						<line number="116" hits="0"/>
						<line number="117" hits="0"/>
						<line number="118" hits="0"/>
						<line number="119" hits="0"/>
						<line number="120" hits="0"/>
						<line number="121" hits="0"/>
						<line number="122" hits="0"/>
						<line number="123" hits="21"/>
						<line number="124" hits="21"/>
						<line number="128" hits="26"/>
						<line number="129" hits="31"/>
						<line number="132" hits="10"/>
						<line number="136" hits="15"/>
						<line number="137" hits="0"/>
						<line number="139" hits="5"/>
						<line number="140" hits="5"/>
						<line number="141" hits="2"/>
						<line number="143" hits="4"/>
						<line number="144" hits="0"/>
						<line number="149" hits="25"/>
						<line number="151" hits="48"/>
						<line number="153" hits="2"/>
						<line number="155" hits="0"/>
						<line number="156" hits="50"/>
						<line number="157" hits="25"/>
						<line number="160" hits="0"/>
						<line number="161" hits="75"/>
						<line number="163" hits="75"/>
						<line number="165" hits="25"/>
						<line number="166" hits="25"/>
						<line number="169" hits="25"/>
						<line number="172" hits="25"/>
						<line number="175" hits="50"/>
						<line number="177" hits="25"/>
						<line number="178" hits="0"/>
						<line number="180" hits="25"/>
						<line number="181" hits="25"/>
						<line number="183" hits="0"/>
						<line number="187" hits="50"/>
						<line number="188" hits="25"/>
						<line number="189" hits="25"/>
						<line number="190" hits="25"/>
						<line number="191" hits="0"/>
						<line number="192" hits="25"/>
						<line number="195" hits="0"/>
						<line number="196" hits="31"/>
						<line number="197" hits="31"/>
						<line number="198" hits="31"/>
						<line number="199" hits="50"/>
						<line number="201" hits="20"/>
						<line number="203" hits="0"/>
						<line number="206" hits="2"/>
						<line number="209" hits="7"/>
						<line number="211" hits="13"/>
						<line number="214" hits="1"/>
						<line number="217" hits="7"/>
						<line number="220" hits="2"/>
						<line number="223" hits="0"/>
						<line number="226" hits="0"/>
						<line number="227" hits="0"/>
						<line number="230" hits="0"/>
						<line number="241" hits="0"/>
						<line number="242" hits="0"/>
						<line number="243" hits="0"/>
						<line number="246" hits="1"/>
						<line number="249" hits="19"/>
						<line number="252" hits="38"/>
						<line number="254" hits="2"/>
						<line number="257" hits="29"/>
						<line number="259" hits="29"/>
						<line number="260" hits="29"/>
						<line number="262" hits="6"/>
						<line number="263" hits="3"/>
						<line number="265" hits="52"/>
						<line number="266" hits="19"/>
						<line number="268" hits="26"/>
						<line number="269" hits="25"/>
						<line number="270" hits="0"/>
						<line number="271" hits="25"/>
						<line number="273" hits="25"/>
						<line number="275" hits="21"/>
						<line number="276" hits="42"/>
						<line number="277" hits="21"/>
						<line number="279" hits="7"/>
						<line number="282" hits="21"/>
						<line number="284" hits="0"/>
						<line number="287" hits="4"/>
						<line number="288" hits="2"/>
						<line number="290" hits="3"/>
						<line number="292" hits="2"/>
						<line number="297" hits="0"/>
						<line number="298" hits="21"/>
						<line number="301" hits="0"/>
						<line number="302" hits="0"/>
						<line number="303" hits="0"/>
						<line number="306" hits="0"/>
						<line number="307" hits="0"/>
						<line number="308" hits="0"/>
						<line number="310" hits="0"/>
						<line number="313" hits="0"/>
						<line number="314" hits="0"/>
						<line number="315" hits="0"/>
						<line number="356" hits="49"/>
						<line number="357" hits="21"/>
						<line number="359" hits="21"/>
						<line number="360" hits="21"/>
						<line number="361" hits="21"/>
						<line number="362" hits="21"/>
						<line number="363" hits="21"/>
						<line number="364" hits="21"/>
						<line number="365" hits="21"/>
						<line number="366" hits="21"/>
						<line number="367" hits="21"/>
						<line number="368" hits="21"/>
						<line number="369" hits="21"/>
						<line number="370" hits="21"/>
						<line number="372" hits="42"/>
						<line number="374" hits="21"/>
						<line number="375" hits="3"/>
						<line number="377" hits="3"/>
						<line number="379" hits="0"/>
						<line number="382" hits="3"/>
						<line number="385" hits="0"/>
						<line number="388" hits="0"/>
						<line number="389" hits="0"/>
						<line number="390" hits="0"/>
						<line number="395" hits="42"/>
						<line number="397" hits="21"/>
						<line number="399" hits="21"/>
						<line number="400" hits="21"/>
						<line number="403" hits="0"/>
						<line number="406" hits="0"/>
						<line number="410" hits="42"/>
						<line number="411" hits="0"/>
						<line number="412" hits="0"/>
						<line number="415" hits="42"/>
						<line number="416" hits="42"/>
						<line number="417" hits="21"/>
						<line number="418" hits="21"/>
						<line number="419" hits="21"/>
						<line number="420" hits="21"/>
						<line number="421" hits="21"/>
						<line number="422" hits="21"/>
						<line number="423" hits="21"/>
						<line number="424" hits="42"/>
						<line number="425" hits="21"/>
						<line number="427" hits="42"/>
						<line number="428" hits="8"/>
						<line number="433" hits="35"/>
						<line number="434" hits="35"/>
						<line number="438" hits="18"/>
						<line number="439" hits="0"/>
						<line number="440" hits="0"/>
						<line number="445" hits="34"/>
						<line number="449" hits="17"/>
						<line number="450" hits="0"/>
						<line number="451" hits="0"/>
						<line number="455" hits="0"/>
						<line number="457" hits="18"/>
						<line number="459" hits="18"/>
						<line number="462" hits="36"/>
						<line number="463" hits="0"/>
						<line number="465" hits="18"/>
						<line number="466" hits="21"/>
						<line number="467" hits="3"/>
						<line number="469" hits="6"/>
						<line number="470" hits="3"/>
						<line number="471" hits="0"/>
						<line number="472" hits="6"/>
						<line number="473" hits="0"/>
						<line number="474" hits="3"/>
						<line number="477" hits="18"/>
						<line number="479" hits="8"/>
						<line number="480" hits="8"/>
						<line number="481" hits="4"/>
						<line number="482" hits="0"/>
						<line number="485" hits="0"/>
						<line number="486" hits="0"/>
						<line number="487" hits="0"/>
						<line number="488" hits="0"/>
						<line number="489" hits="0"/>
						<line number="490" hits="18"/>
						<line number="492" hits="36"/>
						<line number="494" hits="18"/>
						<line number="496" hits="18"/>
						<line number="499" hits="16"/>
						<line number="501" hits="3"/>
						<line number="503" hits="13"/>
						<line number="504" hits="13"/>
						<line number="505" hits="13"/>
						<line number="506" hits="13"/>
						<line number="507" hits="0"/>
						<line number="508" hits="13"/>
						<line number="510" hits="16"/>
						<line number="511" hits="16"/>
						<line number="513" hits="0"/>
						<line number="515" hits="48"/>
						<line number="518" hits="2"/>
						<line number="519" hits="2"/>
						<line number="520" hits="2"/>
						<line number="522" hits="0"/>
						<line number="524" hits="2"/>
						<line number="529" hits="7"/>
						<line number="531" hits="7"/>
						<line number="533" hits="7"/>
						<line number="535" hits="0"/>
						<line number="536" hits="0"/>
						<line number="537" hits="0"/>
						<line number="541" hits="0"/>
						<line number="542" hits="10"/>
						<line number="544" hits="10"/>
						<line number="545" hits="20"/>
						<line number="546" hits="0"/>
						<line number="549" hits="10"/>
						<line number="550" hits="8"/>
						<line number="553" hits="0"/>
						<line number="554" hits="0"/>
						<line number="555" hits="0"/>
						<line number="556" hits="0"/>
						<line number="558" hits="0"/>
						<line number="559" hits="0"/>
						<line number="561" hits="0"/>
						<line number="562" hits="0"/>
						<line number="563" hits="0"/>
						<line number="567" hits="55"/>
						<line number="569" hits="55"/>
						<line number="570" hits="41"/>
						<line number="572" hits="41"/>
						<line number="573" hits="0"/>
						<line number="574" hits="62"/>
						<line number="578" hits="79"/>
						<line number="581" hits="55"/>
						<line number="583" hits="0"/>
						<line number="584" hits="0"/>
						<line number="587" hits="0"/>
						<line number="588" hits="0"/>
						<line number="591" hits="31"/>
						<line number="592" hits="31"/>
						<line number="595" hits="11"/>
						<line number="596" hits="11"/>
						<line number="599" hits="0"/>
						<line number="600" hits="0"/>
						<line number="603" hits="3"/>
						<line number="604" hits="3"/>
						<line number="607" hits="0"/>
						<line number="608" hits="0"/>
						<line number="611" hits="3"/>
						<line number="612" hits="3"/>
						<line number="615" hits="7"/>
						<line number="616" hits="7"/>
						<line number="619" hits="0"/>
						<line number="620" hits="0"/>
						<line number="623" hits="0"/>
						<line number="625" hits="0"/>
						<line number="626" hits="0"/>
						<line number="629" hits="0"/>
					</lines>
				</class>
			</classes>
		</package>
	</packages>
</coverage>
