<?xml version="1.0" ?>
<!DOCTYPE coverage SYSTEM 'http://cobertura.sourceforge.net/xml/coverage-03.dtd'>
<coverage line-rate="0.000" version="1.9" timestamp="1435858834">
	<sources>
		<source>/</source>
	</sources>
	<packages>
		<package name="git_am" line-rate="0.000" branch-rate="1.0" complexity="1.0">
			<classes>
				<class name="gettext_sh" filename="usr/bin/gettext.sh" line-rate="0.156">
					<lines>
						<line number="20" hits="326"/>
						<line number="21" hits="163"/>
						<line number="23" hits="0"/>
						<line number="24" hits="0"/>
						<line number="26" hits="0"/>
						<line number="27" hits="0"/>
						<line number="31" hits="0"/>
						<line number="41" hits="163"/>
						<line number="47" hits="326"/>
						<line number="49" hits="0"/>
						<line number="50" hits="0"/>
						<line number="51" hits="0"/>
						<line number="54" hits="0"/>
						<line number="56" hits="0"/>
						<line number="57" hits="0"/>
						<line number="61" hits="0"/>
						<line number="63" hits="0"/>
						<line number="64" hits="0"/>
						<line number="65" hits="0"/>
						<line number="66" hits="0"/>
						<line number="67" hits="0"/>
						<line number="68" hits="0"/>
						<line number="70" hits="0"/>
						<line number="71" hits="0"/>
						<line number="73" hits="0"/>
						<line number="75" hits="0"/>
						<line number="78" hits="0"/>
						<line number="79" hits="0"/>
						<line number="87" hits="0"/>
						<line number="88" hits="1120"/>
						<line number="94" hits="0"/>
						<line number="95" hits="0"/>
					</lines>
				</class>
				<class name="git_sh_i18n" filename="home/pyokagan/pyk/git/git-sh-i18n" line-rate="0.450">
					<lines>
						<line number="8" hits="163"/>
						<line number="9" hits="163"/>
						<line number="10" hits="163"/>
						<line number="12" hits="163"/>
						<line number="14" hits="0"/>
						<line number="16" hits="163"/>
						<line number="19" hits="163"/>
						<line number="20" hits="163"/>
						<line number="22" hits="0"/>
						<line number="23" hits="163"/>
						<line number="25" hits="0"/>
						<line number="26" hits="163"/>
						<line number="28" hits="0"/>
						<line number="29" hits="163"/>
						<line number="32" hits="163"/>
						<line number="33" hits="0"/>
						<line number="38" hits="0"/>
						<line number="40" hits="163"/>
						<line number="43" hits="163"/>
						<line number="46" hits="163"/>
						<line number="50" hits="0"/>
						<line number="51" hits="0"/>
						<line number="52" hits="0"/>
						<line number="53" hits="0"/>
						<line number="60" hits="0"/>
						<line number="61" hits="0"/>
						<line number="64" hits="0"/>
						<line number="65" hits="0"/>
						<line number="69" hits="0"/>
						<line number="70" hits="0"/>
						<line number="73" hits="0"/>
						<line number="74" hits="0"/>
						<line number="75" hits="0"/>
						<line number="76" hits="0"/>
						<line number="83" hits="0"/>
						<line number="84" hits="6"/>
						<line number="85" hits="6"/>
						<line number="88" hits="0"/>
						<line number="89" hits="118"/>
						<line number="90" hits="118"/>
					</lines>
				</class>
				<class name="git_sh_setup" filename="home/pyokagan/pyk/git/git-sh-setup" line-rate="0.222">
					<lines>
						<line number="10" hits="163"/>
						<line number="15" hits="0"/>
						<line number="16" hits="163"/>
						<line number="18" hits="0"/>
						<line number="19" hits="0"/>
						<line number="20" hits="0"/>
						<line number="22" hits="0"/>
						<line number="23" hits="0"/>
						<line number="24" hits="0"/>
						<line number="25" hits="0"/>
						<line number="26" hits="0"/>
						<line number="27" hits="0"/>
						<line number="29" hits="0"/>
						<line number="31" hits="0"/>
						<line number="32" hits="0"/>
						<line number="33" hits="0"/>
						<line number="35" hits="0"/>
						<line number="36" hits="0"/>
						<line number="38" hits="0"/>
						<line number="45" hits="0"/>
						<line number="46" hits="19"/>
						<line number="49" hits="0"/>
						<line number="50" hits="19"/>
						<line number="51" hits="19"/>
						<line number="52" hits="19"/>
						<line number="53" hits="19"/>
						<line number="56" hits="163"/>
						<line number="58" hits="0"/>
						<line number="59" hits="204"/>
						<line number="61" hits="199"/>
						<line number="65" hits="163"/>
						<line number="67" hits="0"/>
						<line number="68" hits="0"/>
						<line number="71" hits="163"/>
						<line number="72" hits="163"/>
						<line number="73" hits="0"/>
						<line number="74" hits="163"/>
						<line number="75" hits="163"/>
						<line number="77" hits="0"/>
						<line number="78" hits="0"/>
						<line number="79" hits="0"/>
						<line number="80" hits="0"/>
						<line number="81" hits="326"/>
						<line number="83" hits="163"/>
						<line number="85" hits="0"/>
						<line number="88" hits="0"/>
						<line number="90" hits="0"/>
						<line number="94" hits="0"/>
						<line number="97" hits="0"/>
						<line number="99" hits="0"/>
						<line number="100" hits="0"/>
						<line number="139" hits="163"/>
						<line number="141" hits="163"/>
						<line number="142" hits="163"/>
						<line number="147" hits="0"/>
						<line number="149" hits="0"/>
						<line number="152" hits="0"/>
						<line number="156" hits="0"/>
						<line number="158" hits="0"/>
						<line number="160" hits="0"/>
						<line number="162" hits="0"/>
						<line number="163" hits="0"/>
						<line number="164" hits="0"/>
						<line number="166" hits="0"/>
						<line number="169" hits="0"/>
						<line number="170" hits="477"/>
						<line number="173" hits="0"/>
						<line number="174" hits="18"/>
						<line number="177" hits="0"/>
						<line number="178" hits="0"/>
						<line number="181" hits="0"/>
						<line number="182" hits="326"/>
						<line number="183" hits="163"/>
						<line number="184" hits="0"/>
						<line number="185" hits="0"/>
						<line number="189" hits="0"/>
						<line number="190" hits="0"/>
						<line number="192" hits="0"/>
						<line number="196" hits="0"/>
						<line number="197" hits="326"/>
						<line number="198" hits="0"/>
						<line number="201" hits="0"/>
						<line number="202" hits="0"/>
						<line number="203" hits="0"/>
						<line number="204" hits="0"/>
						<line number="206" hits="0"/>
						<line number="208" hits="0"/>
						<line number="209" hits="0"/>
						<line number="212" hits="0"/>
						<line number="214" hits="0"/>
						<line number="216" hits="0"/>
						<line number="218" hits="0"/>
						<line number="220" hits="0"/>
						<line number="223" hits="0"/>
						<line number="225" hits="0"/>
						<line number="226" hits="0"/>
						<line number="239" hits="0"/>
						<line number="240" hits="0"/>
						<line number="242" hits="0"/>
						<line number="243" hits="0"/>
						<line number="244" hits="0"/>
						<line number="245" hits="0"/>
						<line number="246" hits="0"/>
						<line number="247" hits="0"/>
						<line number="248" hits="0"/>
						<line number="249" hits="0"/>
						<line number="251" hits="0"/>
						<line number="252" hits="0"/>
						<line number="253" hits="0"/>
						<line number="255" hits="0"/>
						<line number="256" hits="0"/>
						<line number="257" hits="0"/>
						<line number="259" hits="0"/>
						<line number="261" hits="0"/>
						<line number="266" hits="0"/>
						<line number="267" hits="0"/>
						<line number="272" hits="0"/>
						<line number="273" hits="0"/>
						<line number="274" hits="0"/>
						<line number="275" hits="0"/>
						<line number="282" hits="0"/>
						<line number="288" hits="0"/>
						<line number="289" hits="0"/>
						<line number="290" hits="0"/>
						<line number="294" hits="0"/>
						<line number="299" hits="489"/>
						<line number="302" hits="0"/>
						<line number="303" hits="0"/>
						<line number="305" hits="0"/>
						<line number="306" hits="0"/>
						<line number="309" hits="0"/>
						<line number="310" hits="0"/>
						<line number="312" hits="0"/>
						<line number="313" hits="0"/>
						<line number="315" hits="0"/>
						<line number="317" hits="0"/>
						<line number="321" hits="0"/>
						<line number="322" hits="2"/>
						<line number="324" hits="1"/>
						<line number="326" hits="1"/>
						<line number="332" hits="0"/>
						<line number="333" hits="326"/>
						<line number="334" hits="163"/>
						<line number="336" hits="0"/>
						<line number="337" hits="0"/>
						<line number="338" hits="0"/>
						<line number="339" hits="0"/>
						<line number="342" hits="652"/>
						<line number="343" hits="0"/>
						<line number="344" hits="0"/>
						<line number="346" hits="326"/>
						<line number="349" hits="163"/>
						<line number="351" hits="163"/>
						<line number="354" hits="0"/>
						<line number="355" hits="0"/>
						<line number="357" hits="0"/>
						<line number="358" hits="0"/>
						<line number="361" hits="0"/>
					</lines>
				</class>
				<class name="git_am" filename="home/pyokagan/pyk/git/git-am" line-rate="0.673">
					<lines>
						<line number="5" hits="163"/>
						<line number="6" hits="163"/>
						<line number="7" hits="163"/>
						<line number="8" hits="0"/>
						<line number="10" hits="0"/>
						<line number="11" hits="0"/>
						<line number="12" hits="0"/>
						<line number="13" hits="0"/>
						<line number="14" hits="0"/>
						<line number="15" hits="0"/>
						<line number="16" hits="0"/>
						<line number="17" hits="0"/>
						<line number="18" hits="0"/>
						<line number="19" hits="0"/>
						<line number="20" hits="0"/>
						<line number="21" hits="0"/>
						<line number="22" hits="0"/>
						<line number="23" hits="0"/>
						<line number="24" hits="0"/>
						<line number="25" hits="0"/>
						<line number="26" hits="0"/>
						<line number="27" hits="0"/>
						<line number="28" hits="0"/>
						<line number="29" hits="0"/>
						<line number="30" hits="0"/>
						<line number="31" hits="0"/>
						<line number="32" hits="0"/>
						<line number="33" hits="0"/>
						<line number="34" hits="0"/>
						<line number="35" hits="0"/>
						<line number="36" hits="0"/>
						<line number="37" hits="0"/>
						<line number="38" hits="0"/>
						<line number="39" hits="0"/>
						<line number="40" hits="0"/>
						<line number="41" hits="0"/>
						<line number="42" hits="0"/>
						<line number="43" hits="163"/>
						<line number="45" hits="163"/>
						<line number="46" hits="163"/>
						<line number="47" hits="326"/>
						<line number="48" hits="163"/>
						<line number="49" hits="163"/>
						<line number="50" hits="163"/>
						<line number="52" hits="163"/>
						<line number="53" hits="0"/>
						<line number="55" hits="163"/>
						<line number="57" hits="156"/>
						<line number="59" hits="7"/>
						<line number="62" hits="163"/>
						<line number="63" hits="163"/>
						<line number="65" hits="0"/>
						<line number="67" hits="163"/>
						<line number="69" hits="0"/>
						<line number="72" hits="163"/>
						<line number="74" hits="0"/>
						<line number="75" hits="8"/>
						<line number="78" hits="0"/>
						<line number="79" hits="44"/>
						<line number="80" hits="44"/>
						<line number="81" hits="44"/>
						<line number="84" hits="0"/>
						<line number="85" hits="14"/>
						<line number="87" hits="1"/>
						<line number="90" hits="13"/>
						<line number="92" hits="0"/>
						<line number="95" hits="26"/>
						<line number="96" hits="26"/>
						<line number="98" hits="11"/>
						<line number="100" hits="0"/>
						<line number="101" hits="2"/>
						<line number="102" hits="2"/>
						<line number="105" hits="0"/>
						<line number="106" hits="40"/>
						<line number="107" hits="0"/>
						<line number="108" hits="0"/>
						<line number="110" hits="0"/>
						<line number="111" hits="0"/>
						<line number="112" hits="40"/>
						<line number="114" hits="40"/>
						<line number="117" hits="0"/>
						<line number="118" hits="119"/>
						<line number="120" hits="119"/>
						<line number="121" hits="119"/>
						<line number="124" hits="0"/>
						<line number="125" hits="2"/>
						<line number="126" hits="2"/>
						<line number="127" hits="2"/>
						<line number="130" hits="0"/>
						<line number="131" hits="66"/>
						<line number="133" hits="22"/>
						<line number="134" hits="22"/>
						<line number="137" hits="22"/>
						<line number="138" hits="22"/>
						<line number="139" hits="44"/>
						<line number="140" hits="44"/>
						<line number="142" hits="0"/>
						<line number="144" hits="44"/>
						<line number="146" hits="22"/>
						<line number="148" hits="22"/>
						<line number="150" hits="63"/>
						<line number="153" hits="22"/>
						<line number="154" hits="66"/>
						<line number="156" hits="20"/>
						<line number="157" hits="20"/>
						<line number="159" hits="0"/>
						<line number="160" hits="2"/>
						<line number="163" hits="20"/>
						<line number="164" hits="60"/>
						<line number="165" hits="40"/>
						<line number="166" hits="20"/>
						<line number="168" hits="40"/>
						<line number="176" hits="40"/>
						<line number="177" hits="20"/>
						<line number="178" hits="20"/>
						<line number="180" hits="2"/>
						<line number="182" hits="42"/>
						<line number="183" hits="20"/>
						<line number="184" hits="12"/>
						<line number="185" hits="24"/>
						<line number="187" hits="8"/>
						<line number="190" hits="0"/>
						<line number="191" hits="2"/>
						<line number="192" hits="1"/>
						<line number="193" hits="1"/>
						<line number="196" hits="163"/>
						<line number="198" hits="0"/>
						<line number="200" hits="128"/>
						<line number="202" hits="2"/>
						<line number="207" hits="328"/>
						<line number="209" hits="39"/>
						<line number="210" hits="39"/>
						<line number="217" hits="87"/>
						<line number="218" hits="174"/>
						<line number="220" hits="89"/>
						<line number="222" hits="87"/>
						<line number="223" hits="87"/>
						<line number="224" hits="87"/>
						<line number="226" hits="77"/>
						<line number="228" hits="0"/>
						<line number="229" hits="1"/>
						<line number="231" hits="0"/>
						<line number="232" hits="1"/>
						<line number="238" hits="8"/>
						<line number="240" hits="1"/>
						<line number="247" hits="87"/>
						<line number="248" hits="7"/>
						<line number="249" hits="6"/>
						<line number="250" hits="6"/>
						<line number="257" hits="6"/>
						<line number="258" hits="6"/>
						<line number="259" hits="6"/>
						<line number="260" hits="6"/>
						<line number="262" hits="0"/>
						<line number="265" hits="0"/>
						<line number="266" hits="129"/>
						<line number="268" hits="122"/>
						<line number="270" hits="3"/>
						<line number="272" hits="119"/>
						<line number="274" hits="122"/>
						<line number="275" hits="0"/>
						<line number="278" hits="1"/>
						<line number="280" hits="0"/>
						<line number="282" hits="2"/>
						<line number="283" hits="1"/>
						<line number="284" hits="1"/>
						<line number="286" hits="1"/>
						<line number="287" hits="3"/>
						<line number="289" hits="2"/>
						<line number="292" hits="1"/>
						<line number="294" hits="1"/>
						<line number="295" hits="0"/>
						<line number="297" hits="1"/>
						<line number="299" hits="1"/>
						<line number="302" hits="3"/>
						<line number="303" hits="4"/>
						<line number="304" hits="3"/>
						<line number="306" hits="6"/>
						<line number="307" hits="6"/>
						<line number="312" hits="3"/>
						<line number="313" hits="0"/>
						<line number="314" hits="0"/>
						<line number="315" hits="0"/>
						<line number="316" hits="0"/>
						<line number="317" hits="0"/>
						<line number="318" hits="0"/>
						<line number="319" hits="0"/>
						<line number="320" hits="0"/>
						<line number="321" hits="0"/>
						<line number="322" hits="0"/>
						<line number="323" hits="0"/>
						<line number="325" hits="0"/>
						<line number="327" hits="3"/>
						<line number="328" hits="3"/>
						<line number="329" hits="3"/>
						<line number="332" hits="2"/>
						<line number="333" hits="3"/>
						<line number="334" hits="2"/>
						<line number="336" hits="2"/>
						<line number="337" hits="4"/>
						<line number="345" hits="6"/>
						<line number="346" hits="0"/>
						<line number="347" hits="0"/>
						<line number="350" hits="0"/>
						<line number="351" hits="0"/>
						<line number="352" hits="0"/>
						<line number="353" hits="0"/>
						<line number="354" hits="0"/>
						<line number="355" hits="0"/>
						<line number="357" hits="0"/>
						<line number="358" hits="0"/>
						<line number="360" hits="0"/>
						<line number="362" hits="2"/>
						<line number="363" hits="2"/>
						<line number="364" hits="2"/>
						<line number="367" hits="1"/>
						<line number="369" hits="0"/>
						<line number="371" hits="2"/>
						<line number="377" hits="163"/>
						<line number="378" hits="163"/>
						<line number="379" hits="1467"/>
						<line number="380" hits="815"/>
						<line number="381" hits="163"/>
						<line number="382" hits="163"/>
						<line number="383" hits="163"/>
						<line number="384" hits="163"/>
						<line number="385" hits="163"/>
						<line number="386" hits="163"/>
						<line number="388" hits="326"/>
						<line number="390" hits="1"/>
						<line number="393" hits="326"/>
						<line number="395" hits="6"/>
						<line number="398" hits="326"/>
						<line number="400" hits="2"/>
						<line number="403" hits="273"/>
						<line number="405" hits="281"/>
						<line number="407" hits="0"/>
						<line number="409" hits="0"/>
						<line number="410" hits="0"/>
						<line number="413" hits="37"/>
						<line number="415" hits="1"/>
						<line number="417" hits="3"/>
						<line number="419" hits="0"/>
						<line number="421" hits="1"/>
						<line number="423" hits="2"/>
						<line number="425" hits="0"/>
						<line number="427" hits="10"/>
						<line number="429" hits="1"/>
						<line number="431" hits="1"/>
						<line number="433" hits="1"/>
						<line number="435" hits="4"/>
						<line number="437" hits="11"/>
						<line number="439" hits="19"/>
						<line number="441" hits="0"/>
						<line number="443" hits="0"/>
						<line number="445" hits="6"/>
						<line number="447" hits="10"/>
						<line number="449" hits="2"/>
						<line number="451" hits="1"/>
						<line number="453" hits="1"/>
						<line number="455" hits="1"/>
						<line number="457" hits="0"/>
						<line number="459" hits="2"/>
						<line number="461" hits="2"/>
						<line number="463" hits="2"/>
						<line number="465" hits="0"/>
						<line number="467" hits="0"/>
						<line number="469" hits="326"/>
						<line number="471" hits="0"/>
						<line number="473" hits="110"/>
						<line number="478" hits="163"/>
						<line number="479" hits="31"/>
						<line number="480" hits="30"/>
						<line number="481" hits="60"/>
						<line number="482" hits="60"/>
						<line number="483" hits="30"/>
						<line number="484" hits="0"/>
						<line number="486" hits="0"/>
						<line number="489" hits="224"/>
						<line number="491" hits="30"/>
						<line number="495" hits="29"/>
						<line number="503" hits="1"/>
						<line number="506" hits="0"/>
						<line number="508" hits="0"/>
						<line number="509" hits="2"/>
						<line number="510" hits="29"/>
						<line number="512" hits="29"/>
						<line number="514" hits="0"/>
						<line number="517" hits="11"/>
						<line number="518" hits="23"/>
						<line number="519" hits="11"/>
						<line number="520" hits="22"/>
						<line number="521" hits="11"/>
						<line number="522" hits="11"/>
						<line number="525" hits="14"/>
						<line number="527" hits="0"/>
						<line number="529" hits="14"/>
						<line number="530" hits="14"/>
						<line number="532" hits="23"/>
						<line number="533" hits="11"/>
						<line number="534" hits="22"/>
						<line number="535" hits="24"/>
						<line number="536" hits="11"/>
						<line number="537" hits="11"/>
						<line number="539" hits="9"/>
						<line number="541" hits="2"/>
						<line number="542" hits="4"/>
						<line number="543" hits="2"/>
						<line number="546" hits="14"/>
						<line number="547" hits="14"/>
						<line number="549" hits="15"/>
						<line number="554" hits="134"/>
						<line number="556" hits="1"/>
						<line number="558" hits="1"/>
						<line number="559" hits="1"/>
						<line number="562" hits="0"/>
						<line number="563" hits="0"/>
						<line number="569" hits="132"/>
						<line number="570" hits="8"/>
						<line number="573" hits="128"/>
						<line number="575" hits="131"/>
						<line number="577" hits="2"/>
						<line number="578" hits="2"/>
						<line number="580" hits="2"/>
						<line number="581" hits="2"/>
						<line number="582" hits="2"/>
						<line number="584" hits="2"/>
						<line number="586" hits="1"/>
						<line number="588" hits="1"/>
						<line number="591" hits="2"/>
						<line number="594" hits="128"/>
						<line number="596" hits="128"/>
						<line number="600" hits="127"/>
						<line number="601" hits="127"/>
						<line number="602" hits="127"/>
						<line number="603" hits="127"/>
						<line number="604" hits="127"/>
						<line number="605" hits="127"/>
						<line number="606" hits="127"/>
						<line number="607" hits="127"/>
						<line number="608" hits="127"/>
						<line number="609" hits="127"/>
						<line number="610" hits="127"/>
						<line number="612" hits="0"/>
						<line number="614" hits="127"/>
						<line number="615" hits="127"/>
						<line number="617" hits="122"/>
						<line number="619" hits="5"/>
						<line number="624" hits="142"/>
						<line number="626" hits="284"/>
						<line number="628" hits="276"/>
						<line number="630" hits="12"/>
						<line number="632" hits="264"/>
						<line number="633" hits="0"/>
						<line number="634" hits="138"/>
						<line number="636" hits="4"/>
						<line number="637" hits="4"/>
						<line number="645" hits="280"/>
						<line number="647" hits="139"/>
						<line number="649" hits="1"/>
						<line number="651" hits="280"/>
						<line number="652" hits="140"/>
						<line number="654" hits="11"/>
						<line number="656" hits="1"/>
						<line number="658" hits="128"/>
						<line number="660" hits="692"/>
						<line number="662" hits="3"/>
						<line number="664" hits="0"/>
						<line number="666" hits="558"/>
						<line number="668" hits="1"/>
						<line number="670" hits="1"/>
						<line number="672" hits="280"/>
						<line number="674" hits="0"/>
						<line number="676" hits="140"/>
						<line number="678" hits="280"/>
						<line number="680" hits="2"/>
						<line number="682" hits="280"/>
						<line number="684" hits="41"/>
						<line number="686" hits="99"/>
						<line number="688" hits="280"/>
						<line number="689" hits="280"/>
						<line number="691" hits="0"/>
						<line number="692" hits="0"/>
						<line number="693" hits="0"/>
						<line number="696" hits="137"/>
						<line number="699" hits="280"/>
						<line number="700" hits="280"/>
						<line number="701" hits="140"/>
						<line number="703" hits="22"/>
						<line number="704" hits="11"/>
						<line number="707" hits="259"/>
						<line number="709" hits="326"/>
						<line number="710" hits="326"/>
						<line number="711" hits="163"/>
						<line number="712" hits="0"/>
						<line number="713" hits="0"/>
						<line number="714" hits="0"/>
						<line number="725" hits="163"/>
						<line number="727" hits="159"/>
						<line number="729" hits="0"/>
						<line number="731" hits="0"/>
						<line number="732" hits="0"/>
						<line number="733" hits="0"/>
						<line number="734" hits="0"/>
						<line number="735" hits="0"/>
						<line number="736" hits="0"/>
						<line number="737" hits="0"/>
						<line number="739" hits="159"/>
						<line number="741" hits="0"/>
						<line number="744" hits="159"/>
						<line number="746" hits="2"/>
						<line number="748" hits="158"/>
						<line number="749" hits="0"/>
						<line number="750" hits="0"/>
						<line number="751" hits="2"/>
						<line number="752" hits="2"/>
						<line number="754" hits="156"/>
						<line number="756" hits="156"/>
						<line number="757" hits="156"/>
						<line number="758" hits="156"/>
						<line number="759" hits="0"/>
						<line number="760" hits="156"/>
						<line number="765" hits="160"/>
						<line number="767" hits="0"/>
						<line number="769" hits="320"/>
						<line number="770" hits="320"/>
						<line number="771" hits="320"/>
						<line number="774" hits="160"/>
						<line number="776" hits="0"/>
						<line number="777" hits="0"/>
						<line number="780" hits="160"/>
						<line number="782" hits="160"/>
						<line number="784" hits="156"/>
						<line number="786" hits="0"/>
						<line number="787" hits="0"/>
						<line number="789" hits="0"/>
						<line number="791" hits="4"/>
						<line number="792" hits="4"/>
						<line number="793" hits="0"/>
						<line number="794" hits="0"/>
						<line number="797" hits="156"/>
						<line number="800" hits="156"/>
						<line number="802" hits="155"/>
						<line number="804" hits="156"/>
						<line number="806" hits="3"/>
						<line number="808" hits="0"/>
						<line number="811" hits="4"/>
						<line number="814" hits="0"/>
						<line number="819" hits="160"/>
						<line number="820" hits="160"/>
						<line number="822" hits="0"/>
						<line number="823" hits="0"/>
						<line number="824" hits="0"/>
						<line number="825" hits="0"/>
						<line number="827" hits="0"/>
						<line number="828" hits="0"/>
						<line number="829" hits="0"/>
						<line number="830" hits="0"/>
						<line number="834" hits="0"/>
						<line number="835" hits="0"/>
						<line number="836" hits="0"/>
						<line number="837" hits="0"/>
						<line number="838" hits="0"/>
						<line number="839" hits="0"/>
						<line number="840" hits="0"/>
						<line number="841" hits="0"/>
						<line number="842" hits="0"/>
						<line number="843" hits="0"/>
						<line number="844" hits="0"/>
						<line number="848" hits="160"/>
						<line number="851" hits="160"/>
						<line number="853" hits="0"/>
						<line number="854" hits="0"/>
						<line number="857" hits="320"/>
						<line number="858" hits="160"/>
						<line number="860" hits="3"/>
						<line number="863" hits="159"/>
						<line number="865" hits="318"/>
						<line number="867" hits="0"/>
						<line number="870" hits="318"/>
						<line number="872" hits="159"/>
						<line number="876" hits="155"/>
						<line number="877" hits="155"/>
						<line number="879" hits="51"/>
						<line number="881" hits="310"/>
						<line number="882" hits="155"/>
						<line number="889" hits="4"/>
						<line number="890" hits="4"/>
						<line number="891" hits="0"/>
						<line number="892" hits="0"/>
						<line number="893" hits="1"/>
						<line number="894" hits="1"/>
						<line number="896" hits="6"/>
						<line number="897" hits="3"/>
						<line number="899" hits="0"/>
						<line number="900" hits="1"/>
						<line number="901" hits="1"/>
						<line number="903" hits="2"/>
						<line number="904" hits="2"/>
						<line number="908" hits="203"/>
						<line number="910" hits="22"/>
						<line number="914" hits="8"/>
						<line number="915" hits="2"/>
						<line number="916" hits="1"/>
						<line number="917" hits="1"/>
						<line number="920" hits="7"/>
						<line number="923" hits="156"/>
						<line number="925" hits="38"/>
						<line number="926" hits="76"/>
						<line number="928" hits="0"/>
						<line number="929" hits="38"/>
						<line number="931" hits="38"/>
						<line number="934" hits="236"/>
						<line number="935" hits="118"/>
						<line number="937" hits="3"/>
						<line number="940" hits="234"/>
						<line number="941" hits="0"/>
						<line number="942" hits="0"/>
						<line number="944" hits="0"/>
						<line number="946" hits="0"/>
						<line number="947" hits="0"/>
						<line number="949" hits="0"/>
						<line number="951" hits="0"/>
						<line number="952" hits="0"/>
						<line number="953" hits="0"/>
						<line number="954" hits="0"/>
						<line number="956" hits="117"/>
						<line number="957" hits="234"/>
						<line number="958" hits="0"/>
						<line number="960" hits="117"/>
						<line number="961" hits="234"/>
						<line number="964" hits="351"/>
						<line number="965" hits="119"/>
						<line number="967" hits="118"/>
						<line number="970" hits="96"/>
						<line number="971" hits="0"/>
						<line number="972" hits="0"/>
						<line number="973" hits="0"/>
						<line number="974" hits="0"/>
						<line number="980" hits="96"/>
						<line number="982" hits="96"/>
						<line number="983" hits="96"/>
					</lines>
				</class>
			</classes>
		</package>
	</packages>
</coverage>
