<?xml version="1.0" ?>
<!DOCTYPE coverage SYSTEM 'http://cobertura.sourceforge.net/xml/coverage-03.dtd'>
<coverage line-rate="0.000" version="1.9" timestamp="1435858894">
	<sources>
		<source>/</source>
	</sources>
	<packages>
		<package name="git_submodule" line-rate="0.000" branch-rate="1.0" complexity="1.0">
			<classes>
				<class name="git_parse_remote" filename="home/pyokagan/pyk/git/git-parse-remote" line-rate="0.098">
					<lines>
						<line number="7" hits="1532"/>
						<line number="9" hits="0"/>
						<line number="10" hits="990"/>
						<line number="11" hits="495"/>
						<line number="12" hits="990"/>
						<line number="13" hits="495"/>
						<line number="16" hits="0"/>
						<line number="17" hits="0"/>
						<line number="19" hits="0"/>
						<line number="20" hits="0"/>
						<line number="21" hits="0"/>
						<line number="22" hits="0"/>
						<line number="23" hits="0"/>
						<line number="24" hits="0"/>
						<line number="27" hits="0"/>
						<line number="28" hits="0"/>
						<line number="29" hits="0"/>
						<line number="32" hits="0"/>
						<line number="34" hits="0"/>
						<line number="37" hits="0"/>
						<line number="38" hits="0"/>
						<line number="39" hits="0"/>
						<line number="40" hits="0"/>
						<line number="41" hits="0"/>
						<line number="42" hits="0"/>
						<line number="43" hits="0"/>
						<line number="45" hits="0"/>
						<line number="47" hits="0"/>
						<line number="50" hits="0"/>
						<line number="56" hits="0"/>
						<line number="57" hits="0"/>
						<line number="58" hits="0"/>
						<line number="59" hits="0"/>
						<line number="60" hits="0"/>
						<line number="61" hits="0"/>
						<line number="63" hits="0"/>
						<line number="64" hits="0"/>
						<line number="66" hits="0"/>
						<line number="69" hits="0"/>
						<line number="71" hits="0"/>
						<line number="72" hits="0"/>
						<line number="74" hits="0"/>
						<line number="75" hits="0"/>
						<line number="77" hits="0"/>
						<line number="78" hits="0"/>
						<line number="79" hits="0"/>
						<line number="81" hits="0"/>
						<line number="83" hits="0"/>
						<line number="85" hits="0"/>
						<line number="86" hits="0"/>
						<line number="88" hits="0"/>
					</lines>
				</class>
				<class name="gettext_sh" filename="usr/bin/gettext.sh" line-rate="0.156">
					<lines>
						<line number="20" hits="1532"/>
						<line number="21" hits="766"/>
						<line number="23" hits="0"/>
						<line number="24" hits="0"/>
						<line number="26" hits="0"/>
						<line number="27" hits="0"/>
						<line number="31" hits="0"/>
						<line number="41" hits="766"/>
						<line number="47" hits="766"/>
						<line number="49" hits="0"/>
						<line number="50" hits="0"/>
						<line number="51" hits="0"/>
						<line number="54" hits="0"/>
						<line number="56" hits="0"/>
						<line number="57" hits="0"/>
						<line number="61" hits="0"/>
						<line number="63" hits="0"/>
						<line number="64" hits="0"/>
						<line number="65" hits="0"/>
						<line number="66" hits="0"/>
						<line number="67" hits="0"/>
						<line number="68" hits="0"/>
						<line number="70" hits="0"/>
						<line number="71" hits="0"/>
						<line number="73" hits="0"/>
						<line number="75" hits="0"/>
						<line number="78" hits="0"/>
						<line number="79" hits="0"/>
						<line number="87" hits="0"/>
						<line number="88" hits="6528"/>
						<line number="94" hits="0"/>
						<line number="95" hits="0"/>
					</lines>
				</class>
				<class name="git_sh_i18n" filename="home/pyokagan/pyk/git/git-sh-i18n" line-rate="0.400">
					<lines>
						<line number="8" hits="766"/>
						<line number="9" hits="766"/>
						<line number="10" hits="766"/>
						<line number="12" hits="766"/>
						<line number="14" hits="0"/>
						<line number="16" hits="766"/>
						<line number="19" hits="766"/>
						<line number="20" hits="766"/>
						<line number="22" hits="0"/>
						<line number="23" hits="766"/>
						<line number="25" hits="0"/>
						<line number="26" hits="766"/>
						<line number="28" hits="0"/>
						<line number="29" hits="766"/>
						<line number="32" hits="766"/>
						<line number="33" hits="0"/>
						<line number="38" hits="0"/>
						<line number="40" hits="766"/>
						<line number="43" hits="766"/>
						<line number="46" hits="766"/>
						<line number="50" hits="0"/>
						<line number="51" hits="0"/>
						<line number="52" hits="0"/>
						<line number="53" hits="0"/>
						<line number="60" hits="0"/>
						<line number="61" hits="0"/>
						<line number="64" hits="0"/>
						<line number="65" hits="0"/>
						<line number="69" hits="0"/>
						<line number="70" hits="0"/>
						<line number="73" hits="0"/>
						<line number="74" hits="0"/>
						<line number="75" hits="0"/>
						<line number="76" hits="0"/>
						<line number="83" hits="0"/>
						<line number="84" hits="0"/>
						<line number="85" hits="0"/>
						<line number="88" hits="0"/>
						<line number="89" hits="9"/>
						<line number="90" hits="9"/>
					</lines>
				</class>
				<class name="git_sh_setup" filename="home/pyokagan/pyk/git/git-sh-setup" line-rate="0.184">
					<lines>
						<line number="10" hits="766"/>
						<line number="15" hits="0"/>
						<line number="16" hits="766"/>
						<line number="18" hits="0"/>
						<line number="19" hits="0"/>
						<line number="20" hits="0"/>
						<line number="22" hits="0"/>
						<line number="23" hits="0"/>
						<line number="24" hits="0"/>
						<line number="25" hits="0"/>
						<line number="26" hits="0"/>
						<line number="27" hits="0"/>
						<line number="29" hits="0"/>
						<line number="31" hits="0"/>
						<line number="32" hits="0"/>
						<line number="33" hits="0"/>
						<line number="35" hits="0"/>
						<line number="36" hits="0"/>
						<line number="38" hits="0"/>
						<line number="45" hits="0"/>
						<line number="46" hits="18"/>
						<line number="49" hits="0"/>
						<line number="50" hits="21"/>
						<line number="51" hits="21"/>
						<line number="52" hits="21"/>
						<line number="53" hits="21"/>
						<line number="56" hits="766"/>
						<line number="58" hits="0"/>
						<line number="59" hits="1084"/>
						<line number="61" hits="1063"/>
						<line number="65" hits="766"/>
						<line number="67" hits="0"/>
						<line number="68" hits="0"/>
						<line number="71" hits="0"/>
						<line number="72" hits="0"/>
						<line number="73" hits="0"/>
						<line number="74" hits="0"/>
						<line number="75" hits="0"/>
						<line number="77" hits="0"/>
						<line number="78" hits="0"/>
						<line number="79" hits="0"/>
						<line number="80" hits="0"/>
						<line number="81" hits="0"/>
						<line number="83" hits="2298"/>
						<line number="85" hits="1"/>
						<line number="88" hits="766"/>
						<line number="90" hits="766"/>
						<line number="94" hits="0"/>
						<line number="97" hits="1532"/>
						<line number="99" hits="0"/>
						<line number="100" hits="0"/>
						<line number="139" hits="0"/>
						<line number="141" hits="0"/>
						<line number="142" hits="0"/>
						<line number="147" hits="0"/>
						<line number="149" hits="0"/>
						<line number="152" hits="0"/>
						<line number="156" hits="0"/>
						<line number="158" hits="0"/>
						<line number="160" hits="0"/>
						<line number="162" hits="0"/>
						<line number="163" hits="0"/>
						<line number="164" hits="0"/>
						<line number="166" hits="0"/>
						<line number="169" hits="0"/>
						<line number="170" hits="0"/>
						<line number="173" hits="0"/>
						<line number="174" hits="0"/>
						<line number="177" hits="0"/>
						<line number="178" hits="0"/>
						<line number="181" hits="0"/>
						<line number="182" hits="3526"/>
						<line number="183" hits="1763"/>
						<line number="184" hits="0"/>
						<line number="185" hits="0"/>
						<line number="189" hits="0"/>
						<line number="190" hits="0"/>
						<line number="192" hits="0"/>
						<line number="196" hits="0"/>
						<line number="197" hits="1532"/>
						<line number="198" hits="0"/>
						<line number="201" hits="0"/>
						<line number="202" hits="0"/>
						<line number="203" hits="0"/>
						<line number="204" hits="0"/>
						<line number="206" hits="0"/>
						<line number="208" hits="0"/>
						<line number="209" hits="0"/>
						<line number="212" hits="0"/>
						<line number="214" hits="0"/>
						<line number="216" hits="0"/>
						<line number="218" hits="0"/>
						<line number="220" hits="0"/>
						<line number="223" hits="0"/>
						<line number="225" hits="0"/>
						<line number="226" hits="0"/>
						<line number="239" hits="0"/>
						<line number="240" hits="0"/>
						<line number="242" hits="0"/>
						<line number="243" hits="0"/>
						<line number="244" hits="0"/>
						<line number="245" hits="0"/>
						<line number="246" hits="0"/>
						<line number="247" hits="0"/>
						<line number="248" hits="0"/>
						<line number="249" hits="0"/>
						<line number="251" hits="0"/>
						<line number="252" hits="0"/>
						<line number="253" hits="0"/>
						<line number="255" hits="0"/>
						<line number="256" hits="0"/>
						<line number="257" hits="0"/>
						<line number="259" hits="0"/>
						<line number="261" hits="0"/>
						<line number="266" hits="0"/>
						<line number="267" hits="0"/>
						<line number="272" hits="0"/>
						<line number="273" hits="0"/>
						<line number="274" hits="0"/>
						<line number="275" hits="0"/>
						<line number="282" hits="5492"/>
						<line number="288" hits="0"/>
						<line number="289" hits="0"/>
						<line number="290" hits="0"/>
						<line number="294" hits="0"/>
						<line number="299" hits="2298"/>
						<line number="302" hits="0"/>
						<line number="303" hits="0"/>
						<line number="305" hits="0"/>
						<line number="306" hits="0"/>
						<line number="309" hits="0"/>
						<line number="310" hits="0"/>
						<line number="312" hits="0"/>
						<line number="313" hits="0"/>
						<line number="315" hits="0"/>
						<line number="317" hits="0"/>
						<line number="321" hits="0"/>
						<line number="322" hits="74"/>
						<line number="324" hits="0"/>
						<line number="326" hits="74"/>
						<line number="332" hits="0"/>
						<line number="333" hits="1532"/>
						<line number="334" hits="766"/>
						<line number="336" hits="0"/>
						<line number="337" hits="0"/>
						<line number="338" hits="0"/>
						<line number="339" hits="0"/>
						<line number="342" hits="3064"/>
						<line number="343" hits="0"/>
						<line number="344" hits="0"/>
						<line number="346" hits="1532"/>
						<line number="349" hits="766"/>
						<line number="351" hits="766"/>
						<line number="354" hits="0"/>
						<line number="355" hits="0"/>
						<line number="357" hits="0"/>
						<line number="358" hits="0"/>
						<line number="361" hits="0"/>
					</lines>
				</class>
				<class name="git_submodule" filename="home/pyokagan/pyk/git/git-submodule" line-rate="0.660">
					<lines>
						<line number="7" hits="2298"/>
						<line number="15" hits="766"/>
						<line number="16" hits="766"/>
						<line number="17" hits="766"/>
						<line number="18" hits="766"/>
						<line number="19" hits="766"/>
						<line number="20" hits="766"/>
						<line number="21" hits="766"/>
						<line number="22" hits="1532"/>
						<line number="23" hits="766"/>
						<line number="25" hits="766"/>
						<line number="26" hits="766"/>
						<line number="27" hits="766"/>
						<line number="28" hits="766"/>
						<line number="29" hits="766"/>
						<line number="30" hits="766"/>
						<line number="31" hits="766"/>
						<line number="32" hits="766"/>
						<line number="33" hits="766"/>
						<line number="34" hits="766"/>
						<line number="35" hits="766"/>
						<line number="36" hits="766"/>
						<line number="37" hits="766"/>
						<line number="38" hits="766"/>
						<line number="56" hits="0"/>
						<line number="58" hits="952"/>
						<line number="59" hits="952"/>
						<line number="60" hits="50"/>
						<line number="61" hits="476"/>
						<line number="62" hits="476"/>
						<line number="63" hits="476"/>
						<line number="64" hits="476"/>
						<line number="66" hits="476"/>
						<line number="68" hits="447"/>
						<line number="71" hits="21"/>
						<line number="74" hits="8"/>
						<line number="75" hits="8"/>
						<line number="79" hits="952"/>
						<line number="81" hits="952"/>
						<line number="83" hits="142"/>
						<line number="84" hits="142"/>
						<line number="86" hits="141"/>
						<line number="89" hits="1"/>
						<line number="90" hits="1"/>
						<line number="93" hits="0"/>
						<line number="95" hits="0"/>
						<line number="97" hits="0"/>
						<line number="103" hits="334"/>
						<line number="106" hits="476"/>
						<line number="109" hits="476"/>
						<line number="110" hits="476"/>
						<line number="119" hits="0"/>
						<line number="121" hits="1345"/>
						<line number="122" hits="1345"/>
						<line number="123" hits="1345"/>
						<line number="124" hits="1345"/>
						<line number="125" hits="1345"/>
						<line number="127" hits="1367"/>
						<line number="129" hits="22"/>
						<line number="131" hits="0"/>
						<line number="132" hits="0"/>
						<line number="136" hits="22"/>
						<line number="137" hits="22"/>
						<line number="139" hits="22"/>
						<line number="141" hits="0"/>
						<line number="145" hits="1345"/>
						<line number="154" hits="5451"/>
						<line number="155" hits="0"/>
						<line number="156" hits="1817"/>
						<line number="157" hits="4"/>
						<line number="158" hits="0"/>
						<line number="159" hits="1817"/>
						<line number="160" hits="0"/>
						<line number="161" hits="0"/>
						<line number="162" hits="0"/>
						<line number="163" hits="0"/>
						<line number="164" hits="0"/>
						<line number="165" hits="0"/>
						<line number="166" hits="0"/>
						<line number="167" hits="0"/>
						<line number="168" hits="0"/>
						<line number="170" hits="0"/>
						<line number="171" hits="0"/>
						<line number="172" hits="0"/>
						<line number="173" hits="0"/>
						<line number="174" hits="0"/>
						<line number="175" hits="0"/>
						<line number="176" hits="0"/>
						<line number="178" hits="0"/>
						<line number="180" hits="0"/>
						<line number="182" hits="0"/>
						<line number="183" hits="0"/>
						<line number="184" hits="0"/>
						<line number="185" hits="0"/>
						<line number="187" hits="0"/>
						<line number="190" hits="0"/>
						<line number="192" hits="1291"/>
						<line number="194" hits="4"/>
						<line number="211" hits="0"/>
						<line number="212" hits="644"/>
						<line number="213" hits="644"/>
						<line number="214" hits="644"/>
						<line number="215" hits="1288"/>
						<line number="216" hits="644"/>
						<line number="218" hits="1232"/>
						<line number="220" hits="644"/>
						<line number="232" hits="1275"/>
						<line number="233" hits="3825"/>
						<line number="234" hits="0"/>
						<line number="235" hits="2550"/>
						<line number="236" hits="2550"/>
						<line number="237" hits="2"/>
						<line number="238" hits="1274"/>
						<line number="257" hits="489"/>
						<line number="258" hits="489"/>
						<line number="259" hits="489"/>
						<line number="260" hits="489"/>
						<line number="261" hits="489"/>
						<line number="262" hits="489"/>
						<line number="263" hits="489"/>
						<line number="265" hits="4"/>
						<line number="268" hits="489"/>
						<line number="269" hits="489"/>
						<line number="270" hits="978"/>
						<line number="272" hits="978"/>
						<line number="273" hits="489"/>
						<line number="274" hits="489"/>
						<line number="276" hits="489"/>
						<line number="278" hits="57"/>
						<line number="279" hits="57"/>
						<line number="281" hits="432"/>
						<line number="282" hits="0"/>
						<line number="283" hits="432"/>
						<line number="284" hits="432"/>
						<line number="286" hits="0"/>
						<line number="287" hits="4"/>
						<line number="292" hits="1948"/>
						<line number="293" hits="1948"/>
						<line number="295" hits="974"/>
						<line number="296" hits="0"/>
						<line number="298" hits="4337"/>
						<line number="300" hits="3850"/>
						<line number="301" hits="3850"/>
						<line number="304" hits="487"/>
						<line number="305" hits="487"/>
						<line number="308" hits="1461"/>
						<line number="309" hits="487"/>
						<line number="311" hits="1461"/>
						<line number="317" hits="0"/>
						<line number="330" hits="73"/>
						<line number="331" hits="86"/>
						<line number="333" hits="86"/>
						<line number="335" hits="1"/>
						<line number="336" hits="1"/>
						<line number="337" hits="1"/>
						<line number="340" hits="3"/>
						<line number="343" hits="4"/>
						<line number="346" hits="1"/>
						<line number="347" hits="1"/>
						<line number="348" hits="1"/>
						<line number="351" hits="0"/>
						<line number="354" hits="3"/>
						<line number="355" hits="3"/>
						<line number="356" hits="3"/>
						<line number="359" hits="0"/>
						<line number="360" hits="0"/>
						<line number="361" hits="0"/>
						<line number="364" hits="1"/>
						<line number="367" hits="0"/>
						<line number="368" hits="0"/>
						<line number="371" hits="0"/>
						<line number="374" hits="73"/>
						<line number="377" hits="13"/>
						<line number="380" hits="73"/>
						<line number="382" hits="1"/>
						<line number="383" hits="1"/>
						<line number="385" hits="1"/>
						<line number="388" hits="73"/>
						<line number="389" hits="73"/>
						<line number="391" hits="73"/>
						<line number="392" hits="0"/>
						<line number="396" hits="146"/>
						<line number="397" hits="0"/>
						<line number="400" hits="146"/>
						<line number="403" hits="73"/>
						<line number="405" hits="48"/>
						<line number="406" hits="2"/>
						<line number="409" hits="94"/>
						<line number="413" hits="25"/>
						<line number="416" hits="0"/>
						<line number="422" hits="0"/>
						<line number="423" hits="0"/>
						<line number="424" hits="0"/>
						<line number="425" hits="0"/>
						<line number="426" hits="0"/>
						<line number="427" hits="0"/>
						<line number="428" hits="0"/>
						<line number="429" hits="0"/>
						<line number="430" hits="0"/>
						<line number="432" hits="144"/>
						<line number="433" hits="2"/>
						<line number="435" hits="139"/>
						<line number="437" hits="0"/>
						<line number="438" hits="0"/>
						<line number="439" hits="1"/>
						<line number="440" hits="1"/>
						<line number="443" hits="70"/>
						<line number="445" hits="3"/>
						<line number="447" hits="67"/>
						<line number="451" hits="70"/>
						<line number="453" hits="12"/>
						<line number="455" hits="8"/>
						<line number="457" hits="4"/>
						<line number="461" hits="60"/>
						<line number="463" hits="3"/>
						<line number="465" hits="2"/>
						<line number="466" hits="5"/>
						<line number="467" hits="2"/>
						<line number="468" hits="1"/>
						<line number="469" hits="2"/>
						<line number="470" hits="2"/>
						<line number="472" hits="4"/>
						<line number="475" hits="59"/>
						<line number="476" hits="0"/>
						<line number="477" hits="59"/>
						<line number="478" hits="59"/>
						<line number="480" hits="59"/>
						<line number="481" hits="58"/>
						<line number="482" hits="1"/>
						<line number="484" hits="0"/>
						<line number="486" hits="67"/>
						<line number="488" hits="67"/>
						<line number="489" hits="0"/>
						<line number="491" hits="67"/>
						<line number="492" hits="67"/>
						<line number="493" hits="67"/>
						<line number="495" hits="1"/>
						<line number="496" hits="0"/>
						<line number="497" hits="67"/>
						<line number="498" hits="0"/>
						<line number="510" hits="223"/>
						<line number="512" hits="223"/>
						<line number="514" hits="39"/>
						<line number="517" hits="88"/>
						<line number="520" hits="0"/>
						<line number="523" hits="96"/>
						<line number="526" hits="127"/>
						<line number="529" hits="192"/>
						<line number="533" hits="96"/>
						<line number="535" hits="96"/>
						<line number="536" hits="179"/>
						<line number="538" hits="86"/>
						<line number="539" hits="86"/>
						<line number="541" hits="148"/>
						<line number="542" hits="148"/>
						<line number="543" hits="148"/>
						<line number="544" hits="0"/>
						<line number="545" hits="74"/>
						<line number="546" hits="74"/>
						<line number="547" hits="74"/>
						<line number="548" hits="148"/>
						<line number="550" hits="74"/>
						<line number="551" hits="74"/>
						<line number="553" hits="140"/>
						<line number="555" hits="15"/>
						<line number="556" hits="0"/>
						<line number="557" hits="71"/>
						<line number="559" hits="45"/>
						<line number="561" hits="0"/>
						<line number="562" hits="6"/>
						<line number="575" hits="738"/>
						<line number="577" hits="708"/>
						<line number="579" hits="0"/>
						<line number="582" hits="694"/>
						<line number="583" hits="694"/>
						<line number="586" hits="0"/>
						<line number="589" hits="14"/>
						<line number="592" hits="0"/>
						<line number="595" hits="738"/>
						<line number="596" hits="1204"/>
						<line number="598" hits="467"/>
						<line number="599" hits="932"/>
						<line number="601" hits="932"/>
						<line number="604" hits="932"/>
						<line number="606" hits="816"/>
						<line number="607" hits="408"/>
						<line number="608" hits="0"/>
						<line number="611" hits="795"/>
						<line number="613" hits="774"/>
						<line number="616" hits="408"/>
						<line number="617" hits="0"/>
						<line number="619" hits="816"/>
						<line number="623" hits="932"/>
						<line number="624" hits="16"/>
						<line number="625" hits="32"/>
						<line number="627" hits="12"/>
						<line number="631" hits="3"/>
						<line number="632" hits="3"/>
						<line number="635" hits="12"/>
						<line number="636" hits="0"/>
						<line number="649" hits="21"/>
						<line number="651" hits="20"/>
						<line number="653" hits="4"/>
						<line number="656" hits="0"/>
						<line number="659" hits="0"/>
						<line number="660" hits="0"/>
						<line number="663" hits="0"/>
						<line number="666" hits="16"/>
						<line number="669" hits="4"/>
						<line number="672" hits="17"/>
						<line number="674" hits="2"/>
						<line number="677" hits="16"/>
						<line number="678" hits="31"/>
						<line number="680" hits="20"/>
						<line number="681" hits="40"/>
						<line number="683" hits="40"/>
						<line number="686" hits="20"/>
						<line number="689" hits="19"/>
						<line number="691" hits="4"/>
						<line number="692" hits="4"/>
						<line number="695" hits="17"/>
						<line number="697" hits="14"/>
						<line number="698" hits="6"/>
						<line number="700" hits="14"/>
						<line number="701" hits="28"/>
						<line number="702" hits="0"/>
						<line number="705" hits="15"/>
						<line number="708" hits="30"/>
						<line number="712" hits="22"/>
						<line number="713" hits="11"/>
						<line number="714" hits="22"/>
						<line number="727" hits="1643"/>
						<line number="729" hits="963"/>
						<line number="731" hits="1"/>
						<line number="734" hits="343"/>
						<line number="737" hits="2"/>
						<line number="740" hits="35"/>
						<line number="743" hits="4"/>
						<line number="746" hits="3"/>
						<line number="749" hits="1"/>
						<line number="750" hits="1"/>
						<line number="751" hits="1"/>
						<line number="754" hits="1"/>
						<line number="757" hits="3"/>
						<line number="760" hits="333"/>
						<line number="763" hits="1"/>
						<line number="766" hits="0"/>
						<line number="767" hits="0"/>
						<line number="768" hits="0"/>
						<line number="771" hits="1"/>
						<line number="774" hits="2"/>
						<line number="775" hits="2"/>
						<line number="778" hits="0"/>
						<line number="781" hits="233"/>
						<line number="784" hits="728"/>
						<line number="787" hits="915"/>
						<line number="789" hits="694"/>
						<line number="792" hits="915"/>
						<line number="793" hits="915"/>
						<line number="794" hits="915"/>
						<line number="795" hits="1554"/>
						<line number="797" hits="645"/>
						<line number="798" hits="644"/>
						<line number="800" hits="0"/>
						<line number="801" hits="0"/>
						<line number="803" hits="1288"/>
						<line number="804" hits="1288"/>
						<line number="805" hits="1288"/>
						<line number="806" hits="644"/>
						<line number="808" hits="11"/>
						<line number="810" hits="1266"/>
						<line number="811" hits="633"/>
						<line number="813" hits="581"/>
						<line number="817" hits="1288"/>
						<line number="819" hits="644"/>
						<line number="821" hits="19"/>
						<line number="822" hits="19"/>
						<line number="825" hits="625"/>
						<line number="829" hits="10"/>
						<line number="830" hits="0"/>
						<line number="831" hits="2"/>
						<line number="832" hits="12"/>
						<line number="835" hits="1183"/>
						<line number="837" hits="430"/>
						<line number="838" hits="428"/>
						<line number="839" hits="428"/>
						<line number="841" hits="0"/>
						<line number="842" hits="555"/>
						<line number="843" hits="185"/>
						<line number="846" hits="613"/>
						<line number="848" hits="2"/>
						<line number="851" hits="6"/>
						<line number="852" hits="0"/>
						<line number="854" hits="8"/>
						<line number="855" hits="0"/>
						<line number="856" hits="6"/>
						<line number="857" hits="2"/>
						<line number="860" hits="691"/>
						<line number="862" hits="536"/>
						<line number="864" hits="964"/>
						<line number="866" hits="428"/>
						<line number="869" hits="536"/>
						<line number="873" hits="1046"/>
						<line number="874" hits="1046"/>
						<line number="875" hits="524"/>
						<line number="876" hits="0"/>
						<line number="880" hits="536"/>
						<line number="883" hits="428"/>
						<line number="886" hits="536"/>
						<line number="887" hits="536"/>
						<line number="889" hits="526"/>
						<line number="890" hits="1052"/>
						<line number="891" hits="1052"/>
						<line number="894" hits="4"/>
						<line number="895" hits="8"/>
						<line number="896" hits="8"/>
						<line number="897" hits="4"/>
						<line number="900" hits="4"/>
						<line number="901" hits="8"/>
						<line number="902" hits="8"/>
						<line number="903" hits="4"/>
						<line number="906" hits="2"/>
						<line number="907" hits="4"/>
						<line number="908" hits="4"/>
						<line number="909" hits="2"/>
						<line number="912" hits="0"/>
						<line number="915" hits="1608"/>
						<line number="917" hits="508"/>
						<line number="918" hits="28"/>
						<line number="920" hits="3"/>
						<line number="922" hits="25"/>
						<line number="923" hits="25"/>
						<line number="927" hits="585"/>
						<line number="929" hits="0"/>
						<line number="930" hits="370"/>
						<line number="931" hits="370"/>
						<line number="932" hits="370"/>
						<line number="933" hits="740"/>
						<line number="935" hits="370"/>
						<line number="936" hits="370"/>
						<line number="938" hits="2"/>
						<line number="939" hits="1"/>
						<line number="941" hits="1"/>
						<line number="942" hits="1"/>
						<line number="944" hits="0"/>
						<line number="950" hits="909"/>
						<line number="952" hits="26"/>
						<line number="953" hits="26"/>
						<line number="954" hits="52"/>
						<line number="956" hits="52"/>
						<line number="958" hits="26"/>
						<line number="961" hits="26"/>
						<line number="962" hits="26"/>
						<line number="967" hits="0"/>
						<line number="968" hits="0"/>
						<line number="969" hits="0"/>
						<line number="970" hits="0"/>
						<line number="971" hits="0"/>
						<line number="972" hits="0"/>
						<line number="973" hits="0"/>
						<line number="974" hits="0"/>
						<line number="977" hits="135"/>
						<line number="988" hits="0"/>
						<line number="989" hits="0"/>
						<line number="990" hits="0"/>
						<line number="993" hits="0"/>
						<line number="995" hits="0"/>
						<line number="997" hits="0"/>
						<line number="1000" hits="0"/>
						<line number="1003" hits="0"/>
						<line number="1006" hits="0"/>
						<line number="1007" hits="0"/>
						<line number="1008" hits="0"/>
						<line number="1011" hits="0"/>
						<line number="1012" hits="0"/>
						<line number="1015" hits="0"/>
						<line number="1016" hits="0"/>
						<line number="1019" hits="0"/>
						<line number="1022" hits="0"/>
						<line number="1025" hits="0"/>
						<line number="1028" hits="0"/>
						<line number="1030" hits="0"/>
						<line number="1032" hits="0"/>
						<line number="1033" hits="0"/>
						<line number="1034" hits="0"/>
						<line number="1037" hits="0"/>
						<line number="1038" hits="0"/>
						<line number="1040" hits="0"/>
						<line number="1043" hits="0"/>
						<line number="1045" hits="0"/>
						<line number="1046" hits="0"/>
						<line number="1047" hits="0"/>
						<line number="1048" hits="0"/>
						<line number="1051" hits="0"/>
						<line number="1052" hits="0"/>
						<line number="1054" hits="0"/>
						<line number="1055" hits="0"/>
						<line number="1056" hits="0"/>
						<line number="1059" hits="0"/>
						<line number="1061" hits="0"/>
						<line number="1062" hits="0"/>
						<line number="1065" hits="0"/>
						<line number="1067" hits="0"/>
						<line number="1068" hits="0"/>
						<line number="1069" hits="0"/>
						<line number="1072" hits="0"/>
						<line number="1073" hits="0"/>
						<line number="1077" hits="0"/>
						<line number="1079" hits="0"/>
						<line number="1080" hits="0"/>
						<line number="1081" hits="0"/>
						<line number="1082" hits="0"/>
						<line number="1084" hits="0"/>
						<line number="1085" hits="0"/>
						<line number="1087" hits="0"/>
						<line number="1089" hits="0"/>
						<line number="1092" hits="0"/>
						<line number="1098" hits="0"/>
						<line number="1099" hits="0"/>
						<line number="1102" hits="0"/>
						<line number="1103" hits="0"/>
						<line number="1105" hits="0"/>
						<line number="1106" hits="0"/>
						<line number="1107" hits="0"/>
						<line number="1109" hits="0"/>
						<line number="1110" hits="0"/>
						<line number="1111" hits="0"/>
						<line number="1113" hits="0"/>
						<line number="1115" hits="0"/>
						<line number="1116" hits="0"/>
						<line number="1118" hits="0"/>
						<line number="1121" hits="0"/>
						<line number="1124" hits="0"/>
						<line number="1127" hits="0"/>
						<line number="1128" hits="0"/>
						<line number="1129" hits="0"/>
						<line number="1131" hits="0"/>
						<line number="1132" hits="0"/>
						<line number="1134" hits="0"/>
						<line number="1136" hits="0"/>
						<line number="1138" hits="0"/>
						<line number="1141" hits="0"/>
						<line number="1145" hits="0"/>
						<line number="1146" hits="0"/>
						<line number="1147" hits="0"/>
						<line number="1149" hits="0"/>
						<line number="1150" hits="0"/>
						<line number="1151" hits="0"/>
						<line number="1153" hits="0"/>
						<line number="1155" hits="0"/>
						<line number="1158" hits="0"/>
						<line number="1160" hits="0"/>
						<line number="1164" hits="0"/>
						<line number="1166" hits="0"/>
						<line number="1168" hits="0"/>
						<line number="1169" hits="0"/>
						<line number="1170" hits="0"/>
						<line number="1173" hits="0"/>
						<line number="1175" hits="0"/>
						<line number="1178" hits="0"/>
						<line number="1181" hits="0"/>
						<line number="1183" hits="0"/>
						<line number="1199" hits="32"/>
						<line number="1201" hits="6"/>
						<line number="1203" hits="0"/>
						<line number="1206" hits="1"/>
						<line number="1209" hits="2"/>
						<line number="1212" hits="1"/>
						<line number="1213" hits="1"/>
						<line number="1216" hits="0"/>
						<line number="1219" hits="2"/>
						<line number="1222" hits="3"/>
						<line number="1225" hits="29"/>
						<line number="1226" hits="78"/>
						<line number="1228" hits="51"/>
						<line number="1229" hits="101"/>
						<line number="1230" hits="98"/>
						<line number="1231" hits="98"/>
						<line number="1232" hits="49"/>
						<line number="1234" hits="2"/>
						<line number="1235" hits="2"/>
						<line number="1237" hits="47"/>
						<line number="1239" hits="45"/>
						<line number="1240" hits="41"/>
						<line number="1243" hits="2"/>
						<line number="1244" hits="2"/>
						<line number="1246" hits="45"/>
						<line number="1248" hits="42"/>
						<line number="1249" hits="42"/>
						<line number="1251" hits="3"/>
						<line number="1253" hits="4"/>
						<line number="1255" hits="3"/>
						<line number="1256" hits="3"/>
						<line number="1259" hits="45"/>
						<line number="1261" hits="0"/>
						<line number="1262" hits="11"/>
						<line number="1263" hits="11"/>
						<line number="1264" hits="11"/>
						<line number="1265" hits="22"/>
						<line number="1266" hits="0"/>
						<line number="1267" hits="0"/>
						<line number="1278" hits="26"/>
						<line number="1280" hits="6"/>
						<line number="1282" hits="0"/>
						<line number="1283" hits="0"/>
						<line number="1286" hits="3"/>
						<line number="1287" hits="3"/>
						<line number="1290" hits="0"/>
						<line number="1291" hits="0"/>
						<line number="1294" hits="0"/>
						<line number="1297" hits="3"/>
						<line number="1301" hits="23"/>
						<line number="1302" hits="23"/>
						<line number="1303" hits="44"/>
						<line number="1305" hits="22"/>
						<line number="1306" hits="42"/>
						<line number="1307" hits="42"/>
						<line number="1310" hits="84"/>
						<line number="1314" hits="63"/>
						<line number="1316" hits="21"/>
						<line number="1318" hits="42"/>
						<line number="1320" hits="42"/>
						<line number="1323" hits="0"/>
						<line number="1324" hits="0"/>
						<line number="1328" hits="21"/>
						<line number="1330" hits="36"/>
						<line number="1331" hits="36"/>
						<line number="1332" hits="18"/>
						<line number="1334" hits="18"/>
						<line number="1336" hits="0"/>
						<line number="1337" hits="17"/>
						<line number="1338" hits="17"/>
						<line number="1339" hits="34"/>
						<line number="1340" hits="17"/>
						<line number="1342" hits="17"/>
						<line number="1344" hits="6"/>
						<line number="1345" hits="12"/>
						<line number="1359" hits="2877"/>
						<line number="1361" hits="765"/>
						<line number="1363" hits="763"/>
						<line number="1366" hits="0"/>
						<line number="1369" hits="0"/>
						<line number="1371" hits="0"/>
						<line number="1374" hits="0"/>
						<line number="1377" hits="1"/>
						<line number="1380" hits="0"/>
						<line number="1383" hits="0"/>
						<line number="1386" hits="1"/>
						<line number="1389" hits="764"/>
						<line number="1393" hits="766"/>
						<line number="1395" hits="3"/>
						<line number="1397" hits="2"/>
						<line number="1399" hits="1"/>
						<line number="1404" hits="765"/>
						<line number="1406" hits="0"/>
						<line number="1410" hits="766"/>
						<line number="1412" hits="0"/>
						<line number="1415" hits="765"/>
					</lines>
				</class>
			</classes>
		</package>
	</packages>
</coverage>
