<?xml version="1.0" ?>
<!DOCTYPE coverage SYSTEM 'http://cobertura.sourceforge.net/xml/coverage-03.dtd'>
<coverage line-rate="0.000" version="1.9" timestamp="1435858863">
	<sources>
		<source>/home/pyokagan/pyk/git/</source>
	</sources>
	<packages>
		<package name="git_mergetool" line-rate="0.000" branch-rate="1.0" complexity="1.0">
			<classes>
				<class name="git_mergetool__lib" filename="git-mergetool--lib" line-rate="0.159">
					<lines>
						<line number="3" hits="168"/>
						<line number="5" hits="0"/>
						<line number="6" hits="84"/>
						<line number="8" hits="0"/>
						<line number="9" hits="0"/>
						<line number="11" hits="0"/>
						<line number="12" hits="0"/>
						<line number="14" hits="0"/>
						<line number="16" hits="0"/>
						<line number="20" hits="0"/>
						<line number="21" hits="0"/>
						<line number="22" hits="0"/>
						<line number="25" hits="0"/>
						<line number="26" hits="0"/>
						<line number="27" hits="0"/>
						<line number="29" hits="0"/>
						<line number="30" hits="0"/>
						<line number="32" hits="0"/>
						<line number="33" hits="0"/>
						<line number="35" hits="0"/>
						<line number="39" hits="0"/>
						<line number="40" hits="0"/>
						<line number="41" hits="0"/>
						<line number="42" hits="0"/>
						<line number="44" hits="0"/>
						<line number="45" hits="0"/>
						<line number="46" hits="0"/>
						<line number="48" hits="0"/>
						<line number="49" hits="0"/>
						<line number="51" hits="0"/>
						<line number="53" hits="0"/>
						<line number="54" hits="0"/>
						<line number="56" hits="0"/>
						<line number="57" hits="0"/>
						<line number="61" hits="0"/>
						<line number="63" hits="0"/>
						<line number="67" hits="0"/>
						<line number="68" hits="0"/>
						<line number="70" hits="0"/>
						<line number="71" hits="0"/>
						<line number="74" hits="0"/>
						<line number="76" hits="0"/>
						<line number="79" hits="0"/>
						<line number="84" hits="444"/>
						<line number="88" hits="71"/>
						<line number="91" hits="0"/>
						<line number="92" hits="0"/>
						<line number="95" hits="0"/>
						<line number="96" hits="0"/>
						<line number="98" hits="0"/>
						<line number="100" hits="0"/>
						<line number="102" hits="0"/>
						<line number="103" hits="0"/>
						<line number="104" hits="0"/>
						<line number="105" hits="0"/>
						<line number="106" hits="0"/>
						<line number="107" hits="0"/>
						<line number="113" hits="0"/>
						<line number="114" hits="302"/>
						<line number="115" hits="0"/>
						<line number="116" hits="0"/>
						<line number="119" hits="0"/>
						<line number="120" hits="444"/>
						<line number="121" hits="222"/>
						<line number="123" hits="0"/>
						<line number="127" hits="0"/>
						<line number="128" hits="0"/>
						<line number="130" hits="71"/>
						<line number="132" hits="0"/>
						<line number="134" hits="0"/>
						<line number="141" hits="0"/>
						<line number="142" hits="222"/>
						<line number="145" hits="0"/>
						<line number="146" hits="0"/>
						<line number="149" hits="0"/>
						<line number="150" hits="0"/>
						<line number="153" hits="0"/>
						<line number="154" hits="0"/>
						<line number="157" hits="0"/>
						<line number="158" hits="0"/>
						<line number="161" hits="0"/>
						<line number="162" hits="71"/>
						<line number="165" hits="222"/>
						<line number="167" hits="222"/>
						<line number="168" hits="222"/>
						<line number="172" hits="0"/>
						<line number="175" hits="0"/>
						<line number="177" hits="0"/>
						<line number="179" hits="0"/>
						<line number="180" hits="0"/>
						<line number="181" hits="0"/>
						<line number="183" hits="0"/>
						<line number="184" hits="0"/>
						<line number="186" hits="0"/>
						<line number="189" hits="0"/>
						<line number="190" hits="293"/>
						<line number="191" hits="293"/>
						<line number="193" hits="0"/>
						<line number="194" hits="0"/>
						<line number="196" hits="293"/>
						<line number="201" hits="0"/>
						<line number="204" hits="71"/>
						<line number="205" hits="71"/>
						<line number="207" hits="142"/>
						<line number="208" hits="71"/>
						<line number="211" hits="71"/>
						<line number="213" hits="71"/>
						<line number="215" hits="71"/>
						<line number="217" hits="0"/>
						<line number="222" hits="0"/>
						<line number="223" hits="0"/>
						<line number="227" hits="0"/>
						<line number="228" hits="71"/>
						<line number="231" hits="0"/>
						<line number="232" hits="0"/>
						<line number="234" hits="0"/>
						<line number="236" hits="0"/>
						<line number="238" hits="0"/>
						<line number="240" hits="0"/>
						<line number="242" hits="0"/>
						<line number="244" hits="0"/>
						<line number="246" hits="0"/>
						<line number="247" hits="0"/>
						<line number="249" hits="0"/>
						<line number="251" hits="0"/>
						<line number="254" hits="0"/>
						<line number="259" hits="0"/>
						<line number="260" hits="0"/>
						<line number="262" hits="0"/>
						<line number="263" hits="0"/>
						<line number="264" hits="0"/>
						<line number="265" hits="0"/>
						<line number="267" hits="0"/>
						<line number="268" hits="0"/>
						<line number="269" hits="0"/>
						<line number="270" hits="0"/>
						<line number="272" hits="0"/>
						<line number="273" hits="0"/>
						<line number="275" hits="0"/>
						<line number="278" hits="0"/>
						<line number="282" hits="0"/>
						<line number="284" hits="0"/>
						<line number="286" hits="0"/>
						<line number="288" hits="0"/>
						<line number="290" hits="0"/>
						<line number="291" hits="0"/>
						<line number="292" hits="0"/>
						<line number="294" hits="0"/>
						<line number="297" hits="0"/>
						<line number="298" hits="0"/>
						<line number="299" hits="0"/>
					</lines>
				</class>
				<class name="git_sh_setup" filename="git-sh-setup" line-rate="0.108">
					<lines>
						<line number="10" hits="84"/>
						<line number="15" hits="0"/>
						<line number="16" hits="84"/>
						<line number="18" hits="0"/>
						<line number="19" hits="0"/>
						<line number="20" hits="0"/>
						<line number="22" hits="0"/>
						<line number="23" hits="0"/>
						<line number="24" hits="0"/>
						<line number="25" hits="0"/>
						<line number="26" hits="0"/>
						<line number="27" hits="0"/>
						<line number="29" hits="0"/>
						<line number="31" hits="0"/>
						<line number="32" hits="0"/>
						<line number="33" hits="0"/>
						<line number="35" hits="0"/>
						<line number="36" hits="0"/>
						<line number="38" hits="0"/>
						<line number="45" hits="0"/>
						<line number="46" hits="0"/>
						<line number="49" hits="0"/>
						<line number="50" hits="0"/>
						<line number="51" hits="0"/>
						<line number="52" hits="0"/>
						<line number="53" hits="0"/>
						<line number="56" hits="84"/>
						<line number="58" hits="0"/>
						<line number="59" hits="0"/>
						<line number="61" hits="0"/>
						<line number="65" hits="84"/>
						<line number="67" hits="0"/>
						<line number="68" hits="0"/>
						<line number="71" hits="0"/>
						<line number="72" hits="0"/>
						<line number="73" hits="0"/>
						<line number="74" hits="0"/>
						<line number="75" hits="0"/>
						<line number="77" hits="0"/>
						<line number="78" hits="0"/>
						<line number="79" hits="0"/>
						<line number="80" hits="0"/>
						<line number="81" hits="0"/>
						<line number="83" hits="252"/>
						<line number="85" hits="0"/>
						<line number="88" hits="84"/>
						<line number="90" hits="84"/>
						<line number="94" hits="0"/>
						<line number="97" hits="168"/>
						<line number="99" hits="0"/>
						<line number="100" hits="0"/>
						<line number="139" hits="0"/>
						<line number="141" hits="0"/>
						<line number="142" hits="0"/>
						<line number="147" hits="0"/>
						<line number="149" hits="0"/>
						<line number="152" hits="0"/>
						<line number="156" hits="0"/>
						<line number="158" hits="0"/>
						<line number="160" hits="0"/>
						<line number="162" hits="0"/>
						<line number="163" hits="0"/>
						<line number="164" hits="0"/>
						<line number="166" hits="0"/>
						<line number="169" hits="0"/>
						<line number="170" hits="0"/>
						<line number="173" hits="0"/>
						<line number="174" hits="0"/>
						<line number="177" hits="0"/>
						<line number="178" hits="0"/>
						<line number="181" hits="0"/>
						<line number="182" hits="56"/>
						<line number="183" hits="28"/>
						<line number="184" hits="0"/>
						<line number="185" hits="0"/>
						<line number="189" hits="0"/>
						<line number="190" hits="0"/>
						<line number="192" hits="0"/>
						<line number="196" hits="0"/>
						<line number="197" hits="168"/>
						<line number="198" hits="0"/>
						<line number="201" hits="0"/>
						<line number="202" hits="0"/>
						<line number="203" hits="0"/>
						<line number="204" hits="0"/>
						<line number="206" hits="0"/>
						<line number="208" hits="0"/>
						<line number="209" hits="0"/>
						<line number="212" hits="0"/>
						<line number="214" hits="0"/>
						<line number="216" hits="0"/>
						<line number="218" hits="0"/>
						<line number="220" hits="0"/>
						<line number="223" hits="0"/>
						<line number="225" hits="0"/>
						<line number="226" hits="0"/>
						<line number="239" hits="0"/>
						<line number="240" hits="0"/>
						<line number="242" hits="0"/>
						<line number="243" hits="0"/>
						<line number="244" hits="0"/>
						<line number="245" hits="0"/>
						<line number="246" hits="0"/>
						<line number="247" hits="0"/>
						<line number="248" hits="0"/>
						<line number="249" hits="0"/>
						<line number="251" hits="0"/>
						<line number="252" hits="0"/>
						<line number="253" hits="0"/>
						<line number="255" hits="0"/>
						<line number="256" hits="0"/>
						<line number="257" hits="0"/>
						<line number="259" hits="0"/>
						<line number="261" hits="0"/>
						<line number="266" hits="0"/>
						<line number="267" hits="0"/>
						<line number="272" hits="0"/>
						<line number="273" hits="0"/>
						<line number="274" hits="0"/>
						<line number="275" hits="0"/>
						<line number="282" hits="0"/>
						<line number="288" hits="0"/>
						<line number="289" hits="0"/>
						<line number="290" hits="0"/>
						<line number="294" hits="0"/>
						<line number="299" hits="252"/>
						<line number="302" hits="0"/>
						<line number="303" hits="0"/>
						<line number="305" hits="0"/>
						<line number="306" hits="0"/>
						<line number="309" hits="0"/>
						<line number="310" hits="0"/>
						<line number="312" hits="0"/>
						<line number="313" hits="0"/>
						<line number="315" hits="0"/>
						<line number="317" hits="0"/>
						<line number="321" hits="0"/>
						<line number="322" hits="0"/>
						<line number="324" hits="0"/>
						<line number="326" hits="0"/>
						<line number="332" hits="0"/>
						<line number="333" hits="168"/>
						<line number="334" hits="84"/>
						<line number="336" hits="0"/>
						<line number="337" hits="0"/>
						<line number="338" hits="0"/>
						<line number="339" hits="0"/>
						<line number="342" hits="336"/>
						<line number="343" hits="0"/>
						<line number="344" hits="0"/>
						<line number="346" hits="168"/>
						<line number="349" hits="84"/>
						<line number="351" hits="0"/>
						<line number="354" hits="0"/>
						<line number="355" hits="0"/>
						<line number="357" hits="0"/>
						<line number="358" hits="0"/>
						<line number="361" hits="0"/>
					</lines>
				</class>
				<class name="git_mergetool" filename="git-mergetool" line-rate="0.687">
					<lines>
						<line number="11" hits="84"/>
						<line number="12" hits="84"/>
						<line number="13" hits="84"/>
						<line number="14" hits="84"/>
						<line number="15" hits="84"/>
						<line number="16" hits="84"/>
						<line number="17" hits="84"/>
						<line number="20" hits="0"/>
						<line number="21" hits="344"/>
						<line number="24" hits="0"/>
						<line number="25" hits="447"/>
						<line number="28" hits="0"/>
						<line number="29" hits="11"/>
						<line number="32" hits="0"/>
						<line number="33" hits="9"/>
						<line number="36" hits="0"/>
						<line number="37" hits="272"/>
						<line number="40" hits="0"/>
						<line number="41" hits="238"/>
						<line number="43" hits="118"/>
						<line number="44" hits="118"/>
						<line number="46" hits="2"/>
						<line number="48" hits="1"/>
						<line number="50" hits="0"/>
						<line number="53" hits="0"/>
						<line number="54" hits="109"/>
						<line number="56" hits="10"/>
						<line number="57" hits="13"/>
						<line number="58" hits="10"/>
						<line number="60" hits="99"/>
						<line number="62" hits="109"/>
						<line number="64" hits="1"/>
						<line number="68" hits="0"/>
						<line number="69" hits="238"/>
						<line number="70" hits="238"/>
						<line number="71" hits="238"/>
						<line number="73" hits="238"/>
						<line number="74" hits="238"/>
						<line number="76" hits="36"/>
						<line number="77" hits="202"/>
						<line number="79" hits="0"/>
						<line number="80" hits="202"/>
						<line number="82" hits="29"/>
						<line number="83" hits="173"/>
						<line number="85" hits="113"/>
						<line number="87" hits="60"/>
						<line number="91" hits="0"/>
						<line number="92" hits="0"/>
						<line number="94" hits="0"/>
						<line number="95" hits="0"/>
						<line number="96" hits="0"/>
						<line number="98" hits="0"/>
						<line number="99" hits="0"/>
						<line number="100" hits="0"/>
						<line number="101" hits="0"/>
						<line number="104" hits="0"/>
						<line number="105" hits="0"/>
						<line number="106" hits="0"/>
						<line number="107" hits="0"/>
						<line number="110" hits="0"/>
						<line number="116" hits="0"/>
						<line number="117" hits="28"/>
						<line number="119" hits="28"/>
						<line number="121" hits="28"/>
						<line number="123" hits="0"/>
						<line number="125" hits="28"/>
						<line number="126" hits="28"/>
						<line number="128" hits="0"/>
						<line number="129" hits="0"/>
						<line number="130" hits="0"/>
						<line number="133" hits="28"/>
						<line number="134" hits="28"/>
						<line number="135" hits="28"/>
						<line number="138" hits="0"/>
						<line number="144" hits="0"/>
						<line number="145" hits="20"/>
						<line number="147" hits="20"/>
						<line number="148" hits="20"/>
						<line number="149" hits="20"/>
						<line number="151" hits="11"/>
						<line number="153" hits="4"/>
						<line number="156" hits="1"/>
						<line number="157" hits="1"/>
						<line number="159" hits="1"/>
						<line number="160" hits="1"/>
						<line number="161" hits="1"/>
						<line number="163" hits="9"/>
						<line number="165" hits="8"/>
						<line number="167" hits="1"/>
						<line number="168" hits="1"/>
						<line number="170" hits="11"/>
						<line number="173" hits="9"/>
						<line number="175" hits="4"/>
						<line number="178" hits="1"/>
						<line number="179" hits="1"/>
						<line number="181" hits="2"/>
						<line number="182" hits="1"/>
						<line number="184" hits="7"/>
						<line number="186" hits="6"/>
						<line number="187" hits="2"/>
						<line number="188" hits="1"/>
						<line number="189" hits="6"/>
						<line number="191" hits="2"/>
						<line number="192" hits="1"/>
						<line number="193" hits="1"/>
						<line number="195" hits="9"/>
						<line number="196" hits="9"/>
						<line number="199" hits="0"/>
						<line number="205" hits="0"/>
						<line number="206" hits="14"/>
						<line number="207" hits="14"/>
						<line number="208" hits="14"/>
						<line number="209" hits="0"/>
						<line number="211" hits="42"/>
						<line number="212" hits="0"/>
						<line number="213" hits="0"/>
						<line number="215" hits="42"/>
						<line number="216" hits="0"/>
						<line number="217" hits="14"/>
						<line number="220" hits="0"/>
						<line number="221" hits="0"/>
						<line number="225" hits="536"/>
						<line number="227" hits="478"/>
						<line number="229" hits="0"/>
						<line number="233" hits="0"/>
						<line number="234" hits="119"/>
						<line number="236" hits="238"/>
						<line number="237" hits="119"/>
						<line number="239" hits="0"/>
						<line number="241" hits="0"/>
						<line number="243" hits="0"/>
						<line number="245" hits="0"/>
						<line number="248" hits="238"/>
						<line number="250" hits="0"/>
						<line number="252" hits="119"/>
						<line number="253" hits="119"/>
						<line number="256" hits="119"/>
						<line number="258" hits="119"/>
						<line number="262" hits="1"/>
						<line number="265" hits="119"/>
						<line number="266" hits="119"/>
						<line number="267" hits="119"/>
						<line number="268" hits="119"/>
						<line number="270" hits="357"/>
						<line number="271" hits="357"/>
						<line number="272" hits="357"/>
						<line number="274" hits="223"/>
						<line number="276" hits="20"/>
						<line number="277" hits="60"/>
						<line number="278" hits="60"/>
						<line number="279" hits="20"/>
						<line number="280" hits="20"/>
						<line number="281" hits="20"/>
						<line number="282" hits="20"/>
						<line number="285" hits="99"/>
						<line number="286" hits="99"/>
						<line number="288" hits="99"/>
						<line number="289" hits="99"/>
						<line number="290" hits="99"/>
						<line number="292" hits="184"/>
						<line number="294" hits="28"/>
						<line number="295" hits="28"/>
						<line number="296" hits="28"/>
						<line number="297" hits="28"/>
						<line number="298" hits="28"/>
						<line number="301" hits="142"/>
						<line number="303" hits="0"/>
						<line number="304" hits="0"/>
						<line number="305" hits="0"/>
						<line number="306" hits="0"/>
						<line number="307" hits="0"/>
						<line number="310" hits="71"/>
						<line number="311" hits="71"/>
						<line number="312" hits="71"/>
						<line number="313" hits="142"/>
						<line number="315" hits="0"/>
						<line number="316" hits="0"/>
						<line number="319" hits="71"/>
						<line number="321" hits="41"/>
						<line number="323" hits="30"/>
						<line number="326" hits="71"/>
						<line number="328" hits="0"/>
						<line number="329" hits="0"/>
						<line number="331" hits="0"/>
						<line number="333" hits="0"/>
						<line number="336" hits="0"/>
						<line number="339" hits="71"/>
						<line number="341" hits="71"/>
						<line number="343" hits="0"/>
						<line number="346" hits="71"/>
						<line number="347" hits="71"/>
						<line number="348" hits="71"/>
						<line number="351" hits="168"/>
						<line number="352" hits="84"/>
						<line number="354" hits="107"/>
						<line number="356" hits="93"/>
						<line number="358" hits="0"/>
						<line number="359" hits="0"/>
						<line number="362" hits="0"/>
						<line number="365" hits="4"/>
						<line number="367" hits="0"/>
						<line number="370" hits="0"/>
						<line number="372" hits="4"/>
						<line number="373" hits="4"/>
						<line number="377" hits="19"/>
						<line number="380" hits="0"/>
						<line number="383" hits="4"/>
						<line number="384" hits="4"/>
						<line number="387" hits="0"/>
						<line number="390" hits="66"/>
						<line number="393" hits="23"/>
						<line number="396" hits="0"/>
						<line number="397" hits="0"/>
						<line number="399" hits="0"/>
						<line number="400" hits="0"/>
						<line number="401" hits="0"/>
						<line number="403" hits="0"/>
						<line number="406" hits="0"/>
						<line number="412" hits="84"/>
						<line number="413" hits="84"/>
						<line number="415" hits="84"/>
						<line number="418" hits="160"/>
						<line number="420" hits="80"/>
						<line number="422" hits="0"/>
						<line number="423" hits="0"/>
						<line number="426" hits="252"/>
						<line number="427" hits="252"/>
						<line number="429" hits="84"/>
						<line number="431" hits="84"/>
						<line number="433" hits="14"/>
						<line number="435" hits="14"/>
						<line number="437" hits="26"/>
						<line number="439" hits="4"/>
						<line number="442" hits="280"/>
						<line number="445" hits="84"/>
						<line number="447" hits="11"/>
						<line number="448" hits="11"/>
						<line number="451" hits="73"/>
						<line number="452" hits="73"/>
						<line number="454" hits="73"/>
						<line number="455" hits="119"/>
						<line number="457" hits="119"/>
						<line number="458" hits="119"/>
						<line number="460" hits="0"/>
						<line number="461" hits="0"/>
						<line number="465" hits="73"/>
					</lines>
				</class>
			</classes>
		</package>
	</packages>
</coverage>
